SF:lib\model\platform.dart
DA:22,0
DA:23,0
DA:24,0
DA:26,0
DA:28,0
DA:31,0
DA:32,0
DA:33,0
DA:36,0
DA:37,0
DA:38,0
DA:39,0
DA:41,0
DA:44,3
DA:45,3
DA:46,3
DA:48,0
DA:49,0
DA:50,0
DA:51,0
DA:52,0
DA:54,0
DA:58,0
DA:59,0
DA:60,0
DA:61,0
DA:62,0
DA:63,0
DA:64,0
DA:66,0
DA:70,0
DA:71,0
DA:72,0
DA:74,0
DA:75,0
DA:78,3
DA:79,3
DA:80,14
DA:81,10
DA:82,2
DA:83,4
DA:85,0
DA:88,8
DA:90,6
DA:91,3
DA:94,0
DA:95,0
DA:96,0
DA:97,0
DA:99,0
DA:100,0
DA:101,0
DA:104,0
DA:105,0
DA:106,0
DA:107,0
DA:110,0
DA:111,0
DA:112,0
DA:114,0
DA:117,0
DA:118,0
DA:119,0
DA:122,2
DA:124,4
DA:125,0
DA:127,2
DA:130,0
DA:131,0
DA:134,0
DA:135,0
DA:136,0
DA:137,0
DA:141,0
DA:142,0
DA:143,0
DA:144,0
DA:146,0
DA:147,0
DA:150,0
DA:151,0
DA:152,0
DA:153,0
DA:154,0
DA:155,0
DA:163,0
DA:164,0
DA:165,0
DA:166,0
LF:89
LH:15
end_of_record
SF:lib\model\platform_file_system.dart
DA:25,0
DA:33,0
DA:40,2
DA:43,0
DA:48,0
DA:50,0
DA:51,0
DA:53,0
DA:55,0
DA:56,0
DA:57,0
DA:58,0
DA:60,0
DA:61,0
DA:62,0
DA:63,0
DA:65,0
DA:68,0
DA:70,0
DA:71,0
DA:73,0
DA:75,0
DA:76,0
DA:78,0
DA:80,0
DA:82,0
DA:83,0
DA:84,0
DA:85,0
DA:86,0
DA:87,0
DA:88,0
DA:96,0
DA:98,0
DA:99,0
DA:100,0
DA:101,0
DA:102,0
DA:107,0
DA:108,0
DA:110,0
DA:112,0
DA:113,0
DA:114,0
DA:115,0
DA:116,0
DA:117,0
DA:118,0
DA:119,0
DA:124,0
DA:125,0
DA:127,0
DA:128,0
DA:130,0
DA:133,0
DA:138,0
DA:140,0
DA:141,0
DA:142,0
DA:143,0
DA:144,0
DA:145,0
DA:146,0
DA:147,0
DA:151,0
DA:152,0
DA:153,0
DA:156,0
DA:157,0
DA:158,0
DA:160,0
DA:161,0
DA:164,0
DA:167,0
DA:172,0
DA:176,0
DA:177,0
DA:178,0
DA:180,0
DA:181,0
DA:182,0
DA:183,0
DA:184,0
DA:185,0
DA:190,0
DA:191,0
DA:192,0
DA:193,0
DA:194,0
DA:196,0
DA:198,0
DA:199,0
DA:200,0
DA:201,0
DA:208,0
DA:209,0
DA:211,0
DA:214,0
DA:215,0
DA:217,0
DA:219,0
DA:220,0
DA:222,0
DA:225,0
DA:230,0
DA:231,0
DA:232,0
DA:233,0
DA:235,0
DA:236,0
DA:238,0
DA:239,0
DA:241,0
DA:244,2
DA:245,2
DA:246,4
DA:249,0
DA:250,0
DA:251,0
DA:252,0
DA:254,0
DA:255,0
DA:256,0
DA:257,0
DA:259,0
DA:260,0
DA:261,0
DA:263,0
DA:264,0
DA:266,0
DA:271,0
DA:273,0
DA:277,0
DA:278,0
DA:281,0
DA:282,0
DA:284,0
DA:285,0
DA:287,0
DA:290,0
DA:295,0
DA:296,0
DA:297,0
DA:300,0
DA:303,0
DA:306,0
DA:307,0
DA:310,0
DA:311,0
DA:314,1
DA:315,2
DA:318,0
DA:319,0
DA:320,0
DA:321,0
DA:322,0
DA:323,0
LF:157
LH:6
end_of_record
SF:lib\model\platform_system.dart
DA:12,1
DA:13,1
DA:16,1
DA:18,3
DA:19,6
DA:21,0
DA:23,0
DA:24,0
DA:26,0
DA:27,0
DA:29,0
DA:31,0
DA:34,0
DA:35,0
DA:36,0
DA:38,0
DA:39,0
DA:42,0
DA:43,0
DA:44,0
DA:47,0
DA:48,0
DA:49,0
DA:52,0
DA:53,0
DA:56,1
DA:57,2
DA:61,2
DA:62,4
DA:63,2
DA:65,4
DA:68,6
DA:70,4
LF:33
LH:13
end_of_record
SF:lib\util\platform_specified_util\platform_specified.dart
DA:6,3
DA:9,1
DA:10,1
DA:13,1
DA:20,1
DA:21,2
DA:24,1
DA:28,0
DA:29,0
DA:32,0
DA:33,0
DA:36,0
DA:37,0
DA:42,0
DA:43,0
DA:46,0
DA:47,0
DA:50,0
DA:52,0
DA:53,0
DA:58,0
DA:60,0
DA:62,0
LF:23
LH:7
end_of_record
SF:lib\color_schemes.g.dart
DA:6,0
DA:8,0
DA:59,0
DA:60,0
DA:63,0
DA:114,0
DA:115,0
DA:118,0
DA:169,0
DA:170,0
DA:173,0
DA:224,0
DA:225,0
DA:228,0
DA:279,0
DA:280,0
DA:283,0
DA:334,0
DA:335,0
DA:338,0
DA:340,0
DA:342,0
DA:343,0
DA:344,0
DA:346,0
DA:347,0
DA:350,0
DA:362,0
DA:375,0
LF:29
LH:0
end_of_record
SF:lib\i18n.dart
DA:4,8
DA:45,2
DA:76,2
DA:101,2
DA:164,2
DA:338,2
DA:425,2
DA:435,2
DA:460,2
DA:461,4
DA:464,0
DA:465,0
DA:470,0
LF:13
LH:10
end_of_record
SF:lib\main.dart
DA:34,2
DA:35,6
DA:36,2
DA:37,2
DA:41,2
DA:42,2
DA:45,1
DA:46,1
DA:59,3
DA:63,2
DA:64,4
DA:67,1
DA:68,2
DA:71,0
DA:72,0
DA:75,0
DA:76,0
DA:79,0
DA:80,0
DA:83,2
DA:84,2
DA:85,4
DA:89,1
DA:90,2
DA:96,0
DA:98,0
DA:99,0
DA:100,0
DA:101,0
DA:103,0
DA:104,0
DA:106,0
DA:111,0
DA:112,0
DA:114,0
DA:115,0
DA:116,0
DA:117,0
DA:118,0
DA:119,0
DA:120,0
DA:123,2
DA:124,0
DA:125,2
DA:126,2
DA:130,9
DA:131,3
DA:132,3
DA:134,3
DA:135,3
DA:136,3
DA:137,3
DA:138,3
DA:139,3
DA:140,3
DA:141,3
DA:145,3
DA:146,6
DA:149,2
DA:150,4
DA:153,0
DA:154,0
DA:155,0
DA:156,0
DA:161,2
DA:162,2
DA:165,0
DA:166,0
DA:174,0
DA:175,0
DA:177,0
DA:178,0
DA:180,0
DA:181,0
DA:184,4
DA:185,2
DA:187,0
DA:189,2
DA:192,0
DA:193,0
DA:194,0
DA:195,0
DA:196,0
DA:197,0
DA:199,0
DA:200,0
DA:201,0
DA:202,0
DA:208,0
DA:209,0
DA:210,0
DA:212,0
DA:214,0
DA:215,0
DA:216,0
DA:217,0
DA:218,0
DA:219,0
DA:220,0
DA:221,0
DA:222,0
DA:228,0
DA:234,0
DA:235,0
DA:236,0
DA:237,0
DA:238,0
DA:240,0
DA:241,0
DA:242,0
DA:252,0
DA:255,0
DA:256,0
DA:257,0
DA:258,0
DA:266,0
DA:267,0
DA:281,0
DA:282,0
DA:286,0
DA:287,0
DA:288,0
DA:289,0
DA:297,0
DA:298,0
DA:312,0
DA:313,0
LF:127
LH:41
end_of_record
SF:lib\view\edit\view_make_platform.dart
DA:28,5
DA:32,1
DA:33,1
DA:37,1
DA:40,1
DA:41,0
DA:42,0
DA:43,0
DA:44,0
DA:45,0
DA:46,0
DA:48,1
DA:49,0
DA:51,0
DA:53,0
DA:54,0
DA:55,0
DA:56,0
DA:57,0
DA:58,0
DA:59,0
DA:60,0
DA:62,0
DA:64,0
DA:65,0
DA:67,0
DA:68,0
DA:70,0
DA:71,0
DA:73,0
DA:74,0
DA:77,0
DA:79,0
DA:81,0
DA:82,0
DA:87,1
DA:88,1
DA:89,0
DA:90,0
DA:91,0
DA:94,1
DA:96,1
DA:98,1
DA:99,1
DA:100,1
DA:101,1
DA:103,2
DA:104,1
DA:105,1
DA:106,1
DA:110,1
DA:111,1
DA:112,1
DA:113,1
DA:114,1
DA:116,2
DA:119,1
DA:121,2
DA:124,1
DA:126,2
DA:129,1
DA:131,2
DA:134,1
DA:136,2
DA:139,1
DA:141,2
DA:146,3
DA:147,0
DA:149,0
DA:150,0
DA:152,0
DA:153,0
DA:155,0
DA:156,0
DA:159,0
DA:160,0
DA:162,0
DA:167,1
DA:169,1
DA:170,3
DA:174,1
DA:175,1
DA:176,5
DA:189,4
DA:191,0
DA:192,0
DA:198,0
DA:200,0
DA:201,0
DA:204,0
DA:206,0
DA:207,0
DA:210,0
DA:212,0
DA:213,0
DA:214,0
DA:215,0
DA:216,0
DA:217,0
DA:218,0
DA:220,0
DA:221,0
DA:223,0
DA:224,0
DA:227,0
DA:228,0
DA:230,0
DA:241,4
DA:245,1
DA:246,1
DA:253,1
DA:255,2
DA:256,0
DA:257,0
DA:260,1
DA:263,0
DA:265,0
DA:266,0
DA:267,0
DA:268,0
DA:271,1
DA:273,4
DA:274,0
DA:275,0
DA:276,0
DA:277,0
DA:279,0
DA:280,0
DA:281,0
DA:282,0
DA:290,4
DA:291,0
DA:292,0
DA:293,0
DA:294,0
DA:296,0
DA:297,0
DA:298,0
DA:299,0
DA:307,4
DA:315,8
DA:317,1
DA:319,1
DA:320,1
DA:322,0
DA:323,0
DA:324,0
DA:326,0
DA:327,0
DA:328,0
DA:329,0
DA:330,0
DA:331,0
DA:332,0
DA:333,0
DA:334,0
DA:335,0
DA:336,0
DA:337,0
DA:339,0
DA:340,0
DA:345,0
DA:346,0
DA:348,0
DA:349,0
LF:165
LH:56
end_of_record
SF:lib\view\view_font_source.dart
DA:5,4
DA:7,0
DA:9,0
DA:10,0
DA:11,0
DA:13,0
DA:14,0
DA:18,0
DA:19,0
DA:20,0
LF:10
LH:1
end_of_record
SF:lib\view\view_play.dart
DA:15,4
DA:19,0
DA:20,0
DA:24,0
DA:25,0
DA:26,0
DA:27,0
DA:28,0
DA:30,0
DA:33,0
DA:34,0
DA:35,0
DA:36,0
DA:37,0
DA:39,0
DA:41,0
DA:49,0
DA:51,0
DA:54,0
DA:56,0
DA:57,0
DA:58,0
DA:59,0
DA:60,0
DA:64,0
DA:66,0
DA:67,0
DA:68,0
DA:69,0
DA:73,0
DA:75,0
DA:76,0
DA:77,0
DA:79,0
DA:84,0
DA:85,0
DA:86,0
DA:88,0
DA:91,0
DA:93,0
DA:94,0
DA:96,0
DA:97,0
DA:98,0
DA:100,0
DA:102,0
DA:104,0
DA:120,0
DA:122,0
DA:123,0
DA:124,0
DA:126,0
DA:128,0
DA:129,0
DA:131,0
DA:134,0
DA:136,0
DA:145,0
DA:146,0
DA:147,0
DA:149,0
DA:150,0
LF:62
LH:1
end_of_record
SF:lib\view\view_start.dart
DA:22,4
DA:24,0
DA:26,0
DA:27,0
DA:28,0
DA:30,0
DA:33,0
DA:34,0
DA:36,0
DA:38,0
DA:41,0
DA:42,0
DA:44,0
DA:45,0
DA:46,0
DA:47,0
DA:49,0
DA:50,0
DA:51,0
DA:52,0
DA:53,0
DA:54,0
DA:56,0
DA:59,0
DA:65,0
DA:67,0
DA:68,0
DA:70,0
DA:71,0
DA:72,0
DA:73,0
DA:74,0
DA:76,0
DA:80,0
DA:82,0
DA:83,0
DA:85,0
DA:89,0
DA:91,0
DA:92,0
DA:94,0
DA:106,0
DA:108,0
DA:111,0
DA:112,0
DA:113,0
DA:115,0
DA:116,0
DA:118,0
DA:119,0
DA:120,0
DA:121,0
DA:122,0
DA:127,0
DA:129,0
DA:130,0
DA:131,0
DA:132,0
DA:133,0
DA:134,0
DA:135,0
DA:137,0
DA:140,0
DA:141,0
DA:150,0
DA:151,0
DA:152,0
DA:154,0
DA:155,0
DA:170,4
DA:174,0
DA:175,0
DA:181,0
DA:183,0
DA:184,0
DA:187,0
DA:189,0
DA:190,0
DA:193,0
DA:195,0
DA:198,0
DA:199,0
DA:200,0
DA:201,0
DA:202,0
DA:203,0
DA:205,0
DA:206,0
DA:207,0
DA:208,0
DA:210,0
DA:213,0
DA:214,0
DA:216,0
DA:218,0
DA:221,0
DA:222,0
DA:224,0
DA:226,0
DA:227,0
DA:244,4
DA:246,0
DA:248,0
DA:249,0
DA:250,0
DA:253,0
DA:255,0
DA:256,0
DA:258,0
DA:259,0
DA:260,0
DA:261,0
DA:262,0
DA:263,0
DA:264,0
DA:265,0
DA:267,0
DA:268,0
DA:271,0
DA:272,0
DA:274,0
DA:275,0
DA:276,0
DA:278,0
DA:279,0
DA:280,0
DA:282,0
DA:283,0
DA:284,0
DA:285,0
DA:289,0
DA:293,0
DA:295,0
DA:296,0
DA:298,0
DA:306,4
DA:310,0
DA:311,0
DA:317,0
DA:319,0
DA:320,0
DA:323,0
DA:325,0
DA:326,0
DA:329,0
DA:331,0
DA:332,0
DA:333,0
DA:334,0
DA:336,0
DA:337,0
DA:338,0
DA:339,0
DA:341,0
DA:343,0
DA:344,0
DA:345,0
DA:346,0
DA:347,0
DA:348,0
DA:349,0
DA:352,0
DA:360,4
DA:364,0
DA:366,0
DA:368,0
DA:369,0
DA:371,0
DA:379,4
DA:383,0
DA:385,0
DA:387,0
DA:388,0
DA:389,0
DA:390,0
DA:391,0
DA:392,0
DA:393,0
DA:394,0
DA:395,0
DA:396,0
DA:398,0
DA:401,0
DA:408,4
DA:412,0
DA:414,0
DA:415,0
DA:417,0
DA:418,0
DA:419,0
DA:420,0
DA:422,0
DA:423,0
DA:424,0
DA:427,0
DA:431,0
DA:433,0
DA:434,0
DA:435,0
DA:437,0
DA:438,0
DA:442,0
DA:444,0
DA:445,0
DA:446,0
DA:447,0
DA:448,0
DA:452,0
DA:454,0
DA:455,0
DA:456,0
DA:457,0
DA:458,0
DA:462,0
DA:463,0
DA:464,0
DA:465,0
DA:467,0
DA:480,0
DA:482,0
DA:483,0
DA:489,0
DA:491,0
DA:492,0
DA:495,0
DA:497,0
DA:498,0
DA:501,0
DA:503,0
DA:506,0
DA:507,0
DA:508,0
DA:509,0
DA:510,0
DA:512,0
DA:519,0
DA:520,0
DA:522,0
LF:238
LH:7
end_of_record
SF:lib\viewModel\vm_start.dart
DA:17,0
DA:21,0
DA:22,0
DA:23,0
DA:24,0
DA:27,0
DA:28,0
DA:30,0
DA:34,0
DA:36,0
DA:39,0
DA:40,0
DA:41,0
DA:42,0
DA:48,0
DA:50,0
DA:53,0
DA:54,0
DA:55,0
DA:58,0
DA:59,0
DA:60,0
DA:61,0
DA:64,0
DA:65,0
DA:69,0
DA:73,0
DA:74,0
DA:76,0
DA:78,0
DA:80,0
DA:81,0
DA:82,0
DA:83,0
DA:85,0
DA:90,0
DA:91,0
DA:92,0
DA:93,0
DA:94,0
DA:96,0
DA:97,0
DA:99,0
DA:101,0
DA:102,0
DA:103,0
DA:104,0
DA:105,0
DA:107,0
DA:108,0
DA:109,0
DA:110,0
DA:111,0
DA:113,0
DA:115,0
DA:116,0
DA:117,0
DA:119,0
DA:123,0
DA:124,0
DA:125,0
DA:128,0
DA:130,0
DA:133,0
DA:134,0
DA:135,0
DA:137,0
LF:67
LH:0
end_of_record
SF:lib\viewModel\vm_start.g.dart
DA:9,0
DA:13,0
DA:22,0
DA:26,0
LF:4
LH:0
end_of_record
SF:lib\model\device_preference.dart
DA:10,3
DA:12,1
DA:13,1
DA:16,1
DA:40,0
DA:41,0
DA:42,0
DA:43,0
DA:45,0
DA:46,0
DA:48,0
DA:49,0
DA:51,0
DA:52,0
DA:54,0
DA:55,0
DA:58,0
DA:60,0
DA:61,0
DA:62,0
DA:63,0
DA:64,0
DA:66,0
DA:70,0
DA:71,0
DA:72,0
DA:73,0
DA:74,0
DA:77,0
DA:78,0
DA:80,0
DA:81,0
DA:83,0
DA:84,0
DA:87,0
DA:90,0
DA:92,0
DA:95,0
DA:96,0
DA:97,0
DA:100,0
DA:101,0
DA:102,0
DA:104,0
DA:105,0
DA:106,0
DA:111,0
DA:112,0
DA:113,0
DA:115,0
DA:117,0
DA:122,1
DA:123,3
DA:126,0
DA:131,0
DA:132,0
DA:135,0
DA:136,0
DA:137,0
DA:139,0
LF:60
LH:6
end_of_record
SF:lib\model\clipboard.dart
DA:11,1
DA:12,1
DA:13,2
DA:14,4
DA:15,0
DA:17,1
DA:20,0
DA:21,0
DA:22,0
DA:23,0
DA:27,0
DA:28,0
DA:29,0
DA:30,0
DA:31,0
DA:32,0
DA:35,1
DA:36,4
DA:37,2
DA:38,2
DA:39,1
DA:43,3
DA:45,0
DA:46,0
DA:47,0
DA:48,0
DA:52,0
DA:53,0
DA:54,0
LF:29
LH:11
end_of_record
SF:lib\model\device_preference_util.dart
DA:7,0
DA:8,0
DA:9,0
DA:10,0
DA:13,0
DA:14,0
DA:15,0
DA:18,1
DA:19,1
DA:20,0
DA:23,0
DA:24,0
DA:25,0
DA:28,0
DA:29,0
DA:30,0
DA:33,0
DA:34,0
DA:35,0
DA:38,0
DA:39,0
DA:40,0
DA:43,0
DA:44,0
DA:45,0
DA:48,0
DA:49,0
DA:50,0
DA:53,0
DA:54,0
DA:55,0
LF:31
LH:2
end_of_record
SF:lib\model\image_db.dart
DA:6,0
DA:8,6
DA:10,2
DA:11,2
DA:14,2
DA:19,8
DA:21,0
DA:22,0
DA:23,0
DA:24,0
DA:29,0
DA:30,0
DA:33,0
DA:34,0
DA:35,0
DA:36,0
DA:40,1
DA:41,2
DA:44,0
DA:45,0
DA:48,0
DA:49,0
DA:52,0
DA:55,0
DA:58,0
DA:59,0
DA:62,0
DA:63,0
DA:74,0
DA:75,0
DA:78,0
DA:79,0
DA:82,0
DA:83,0
DA:86,2
DA:87,6
LF:36
LH:9
end_of_record
SF:lib\util\icc_file_parsing.dart
DA:19,0
DA:21,0
DA:22,0
DA:23,0
DA:24,0
DA:25,0
DA:28,0
DA:29,0
DA:30,0
DA:32,0
DA:33,0
DA:34,0
DA:35,0
DA:37,0
DA:38,0
DA:39,0
DA:40,0
DA:43,0
DA:45,0
DA:46,0
DA:47,0
DA:53,0
DA:54,0
DA:57,0
DA:60,0
DA:61,0
DA:62,0
DA:63,0
DA:65,0
DA:66,0
DA:67,0
DA:70,0
DA:72,0
DA:73,0
DA:74,0
DA:80,0
DA:82,0
DA:85,0
DA:86,0
DA:88,0
DA:89,0
DA:90,0
DA:91,0
DA:92,0
DA:95,0
DA:97,0
DA:98,0
DA:99,0
DA:101,0
DA:103,0
DA:105,0
DA:106,0
DA:116,0
DA:117,0
DA:120,0
DA:123,0
DA:124,0
DA:125,0
DA:128,0
DA:133,0
DA:134,0
DA:135,0
DA:137,0
DA:139,0
DA:143,0
DA:147,0
DA:148,0
DA:149,0
DA:153,0
DA:154,0
DA:155,0
DA:156,0
DA:157,0
DA:158,0
DA:159,0
DA:164,0
DA:168,0
DA:172,0
DA:173,0
DA:174,0
DA:175,0
DA:179,0
DA:180,0
DA:190,0
DA:191,0
DA:192,0
DA:195,0
DA:196,0
DA:197,0
DA:198,0
DA:199,0
DA:202,0
DA:203,0
DA:204,0
DA:212,0
DA:213,0
DA:214,0
DA:215,0
DA:216,0
DA:219,0
DA:220,0
DA:221,0
DA:230,0
DA:231,0
DA:233,0
DA:238,0
DA:239,0
DA:240,0
DA:241,0
DA:242,0
DA:244,0
DA:245,0
DA:247,0
DA:251,0
DA:252,0
DA:253,0
DA:254,0
DA:255,0
LF:118
LH:0
end_of_record
SF:lib\util\base64_to_image.dart
DA:8,0
DA:9,0
DA:10,0
DA:11,0
DA:14,0
DA:15,0
DA:17,0
DA:18,0
DA:19,0
LF:9
LH:0
end_of_record
SF:lib\util\check_update.dart
DA:8,0
DA:9,0
DA:12,0
DA:19,0
DA:20,0
DA:25,0
DA:27,0
DA:28,0
DA:29,0
DA:30,0
LF:10
LH:0
end_of_record
SF:lib\util\version.dart
DA:1,0
DA:2,0
DA:5,0
DA:6,0
DA:7,0
DA:8,0
DA:9,0
DA:10,0
LF:8
LH:0
end_of_record
SF:lib\util\color_helper.dart
DA:10,2
DA:11,4
DA:14,2
DA:15,2
DA:18,0
DA:19,0
DA:20,0
DA:21,0
DA:22,0
DA:23,0
DA:25,0
DA:26,0
DA:27,0
DA:28,0
DA:29,0
DA:31,0
DA:35,0
DA:36,0
DA:37,0
DA:38,0
DA:39,0
DA:40,0
DA:41,0
DA:42,0
DA:47,2
DA:48,2
DA:51,4
DA:54,2
DA:55,4
DA:58,0
DA:59,0
DA:60,0
DA:61,0
DA:64,0
DA:65,0
DA:66,0
DA:67,0
DA:72,0
DA:75,0
DA:77,0
DA:78,0
DA:79,0
DA:80,0
DA:81,0
DA:82,0
DA:85,0
DA:90,0
DA:93,0
DA:96,0
DA:97,0
DA:101,0
DA:103,0
DA:104,0
DA:105,0
DA:107,0
DA:108,0
DA:109,0
DA:110,0
DA:111,0
DA:116,0
DA:117,0
DA:120,0
DA:122,0
DA:123,0
DA:124,0
DA:125,0
DA:126,0
DA:127,0
DA:128,0
DA:129,0
DA:130,0
LF:71
LH:9
end_of_record
SF:lib\util\custom_snackbar.dart
DA:4,0
DA:5,0
DA:6,0
DA:7,0
DA:9,0
DA:10,0
DA:11,0
DA:12,0
DA:13,0
DA:15,0
LF:10
LH:0
end_of_record
SF:lib\util\easy_clone.dart
DA:1,0
DA:4,0
DA:5,0
DA:6,0
LF:4
LH:0
end_of_record
SF:lib\util\platform_specified_util\vm\platform_specified_vm.dart
DA:4,1
DA:6,1
DA:8,1
DA:11,1
DA:13,1
LF:5
LH:5
end_of_record
SF:lib\util\platform_specified_util\vm\save_project_vm.dart
DA:16,0
DA:17,0
DA:18,0
DA:19,0
DA:20,0
DA:23,0
DA:26,0
DA:28,0
DA:30,0
DA:31,0
DA:33,0
DA:36,0
DA:38,0
DA:40,0
DA:41,0
DA:42,0
DA:44,0
DA:45,0
DA:48,0
DA:49,0
DA:50,0
DA:51,0
DA:52,0
DA:53,0
DA:54,0
DA:55,0
DA:56,0
DA:57,0
DA:62,0
DA:64,0
DA:66,0
DA:67,0
DA:68,0
DA:72,0
DA:73,0
DA:74,0
DA:75,0
DA:76,0
DA:78,0
DA:79,0
DA:82,0
DA:83,0
DA:85,0
DA:86,0
DA:91,0
DA:93,0
DA:94,0
DA:95,0
DA:96,0
DA:106,0
DA:107,0
DA:109,0
DA:110,0
DA:111,0
DA:113,0
DA:118,0
DA:120,0
DA:121,0
DA:122,0
DA:123,0
DA:125,0
DA:126,0
DA:128,0
DA:129,0
DA:130,0
DA:132,0
DA:133,0
DA:135,0
DA:137,0
DA:138,0
DA:139,0
DA:142,0
DA:143,0
DA:144,0
DA:145,0
DA:149,0
DA:151,0
DA:152,0
DA:153,0
DA:155,0
DA:156,0
DA:158,0
DA:159,0
DA:160,0
DA:161,0
LF:85
LH:0
end_of_record
SF:lib\util\platform_specified_util\vm\webp_converter_vm.dart
DA:14,1
DA:15,1
DA:16,1
DA:18,0
DA:29,1
DA:31,2
DA:33,0
DA:35,0
DA:36,0
DA:39,0
DA:41,0
DA:43,0
DA:45,0
DA:47,0
DA:53,0
DA:55,0
DA:61,0
DA:62,0
DA:64,0
DA:65,0
DA:70,0
DA:71,0
DA:75,0
DA:76,0
DA:77,0
DA:78,0
DA:79,0
DA:80,0
DA:83,0
DA:85,0
DA:89,0
DA:90,0
DA:91,0
DA:92,0
DA:93,0
DA:96,0
DA:98,0
DA:101,0
DA:102,0
DA:103,0
DA:106,0
DA:114,0
DA:115,0
DA:121,0
DA:123,0
DA:127,0
DA:128,0
DA:129,0
DA:130,0
DA:134,0
DA:137,0
DA:138,0
DA:139,0
DA:141,0
DA:144,0
DA:146,0
DA:152,0
DA:153,0
LF:58
LH:5
end_of_record
SF:lib\view\choice\view_choice_line.dart
DA:24,1
DA:26,0
DA:27,0
DA:33,1
DA:35,1
DA:36,1
DA:37,1
DA:38,0
DA:39,0
DA:40,0
DA:42,1
DA:46,1
DA:50,3
DA:57,5
DA:58,1
DA:59,1
DA:64,0
DA:65,0
DA:67,0
DA:77,1
DA:79,1
DA:81,1
DA:87,3
DA:88,3
DA:89,2
DA:92,1
DA:96,1
DA:98,3
DA:99,1
DA:101,1
DA:102,1
DA:103,1
DA:104,0
DA:105,0
DA:107,3
DA:116,1
DA:117,0
DA:119,0
DA:120,0
DA:121,0
DA:127,1
DA:128,1
DA:129,0
DA:130,0
DA:132,4
DA:140,1
DA:141,1
DA:142,0
DA:143,0
DA:144,0
DA:161,1
DA:162,1
DA:163,0
DA:164,0
DA:165,0
DA:182,1
DA:183,1
DA:184,0
DA:185,0
DA:186,0
DA:187,0
DA:194,1
DA:195,1
DA:196,0
DA:197,0
DA:198,0
DA:204,1
DA:205,1
DA:206,0
DA:207,0
DA:208,0
DA:214,1
DA:215,1
DA:216,0
DA:217,0
DA:219,0
DA:220,0
DA:221,0
DA:223,0
DA:224,0
DA:237,0
DA:239,0
DA:240,0
DA:242,0
DA:244,0
DA:245,0
DA:246,0
DA:247,0
DA:248,0
DA:264,0
DA:269,0
DA:270,0
DA:276,0
DA:278,0
DA:279,0
DA:282,0
DA:284,0
DA:285,0
DA:288,0
DA:290,0
DA:291,0
DA:292,0
DA:293,0
DA:295,0
DA:296,0
DA:297,0
DA:298,0
DA:300,0
DA:302,0
DA:303,0
DA:306,0
DA:307,0
DA:309,0
DA:310,0
DA:316,0
DA:317,0
DA:318,0
DA:319,0
DA:320,0
DA:321,0
DA:322,0
DA:324,0
DA:327,0
DA:328,0
DA:330,0
DA:333,0
DA:336,0
DA:337,0
DA:338,0
DA:344,0
DA:345,0
DA:346,0
DA:347,0
DA:348,0
DA:349,0
DA:351,0
DA:353,0
DA:354,0
DA:355,0
DA:357,0
LF:140
LH:41
end_of_record
SF:lib\view\choice\view_choice_node.dart
DA:44,1
DA:46,1
DA:48,5
DA:52,1
DA:53,3
DA:54,0
DA:55,0
DA:58,0
DA:60,0
DA:62,0
DA:65,1
DA:66,0
DA:67,0
DA:68,1
DA:69,3
DA:81,6
DA:83,2
DA:85,2
DA:86,0
DA:89,8
DA:90,1
DA:92,1
DA:93,0
DA:94,0
DA:96,0
DA:101,1
DA:102,0
DA:103,0
DA:105,0
DA:110,1
DA:111,0
DA:112,0
DA:116,1
DA:117,0
DA:118,0
DA:122,1
DA:123,0
DA:124,0
DA:125,0
DA:126,0
DA:127,0
DA:128,0
DA:130,0
DA:132,0
DA:135,0
DA:136,0
DA:137,0
DA:139,0
DA:140,0
DA:141,0
DA:142,0
DA:144,0
DA:154,1
DA:155,4
DA:156,1
DA:157,1
DA:158,1
DA:159,1
DA:160,2
DA:161,1
DA:162,1
DA:166,1
DA:167,3
DA:171,1
DA:172,4
DA:173,3
DA:183,2
DA:185,2
DA:187,10
DA:188,6
DA:189,8
DA:190,4
DA:191,2
DA:192,2
DA:194,2
DA:195,6
DA:196,6
DA:197,6
DA:198,6
DA:201,2
DA:206,2
DA:209,2
DA:212,2
DA:213,2
DA:214,2
DA:215,2
DA:218,2
DA:219,6
DA:220,0
DA:221,0
DA:222,0
DA:225,6
DA:226,0
DA:227,0
DA:230,8
DA:235,18
DA:236,2
DA:237,6
DA:238,6
DA:239,6
DA:240,6
DA:242,2
DA:245,2
DA:246,4
DA:247,2
DA:248,2
DA:249,18
DA:259,2
DA:261,2
DA:263,6
DA:264,8
DA:265,2
DA:266,2
DA:267,2
DA:268,8
DA:269,6
DA:270,4
DA:271,4
DA:283,0
DA:285,0
DA:287,0
DA:288,0
DA:289,0
DA:290,0
DA:291,0
DA:293,0
DA:294,0
DA:295,0
DA:297,0
DA:298,0
DA:300,0
DA:301,0
DA:302,0
DA:303,0
DA:304,0
DA:305,0
DA:306,0
DA:307,0
DA:308,0
DA:315,0
DA:318,0
DA:319,0
DA:320,0
DA:323,0
DA:325,0
DA:333,0
DA:334,0
DA:335,0
DA:339,0
DA:340,0
DA:341,0
DA:342,0
DA:348,0
DA:349,0
DA:352,0
DA:354,0
DA:362,0
DA:363,0
DA:364,0
DA:376,2
DA:381,2
DA:382,2
DA:390,2
DA:392,4
DA:393,4
DA:394,4
DA:396,2
DA:400,2
DA:403,1
DA:405,2
DA:406,2
DA:407,2
DA:408,1
DA:411,2
DA:413,10
DA:417,4
DA:418,5
DA:419,5
DA:420,1
DA:421,1
DA:422,1
DA:429,4
DA:431,1
DA:432,1
DA:442,2
DA:444,2
DA:446,10
DA:447,6
DA:448,8
DA:450,8
DA:451,1
DA:452,1
DA:453,5
DA:455,1
DA:457,4
DA:465,8
DA:466,1
DA:467,1
DA:468,2
DA:469,2
DA:471,3
DA:472,0
DA:473,0
DA:475,0
DA:476,0
DA:477,0
DA:480,0
DA:481,0
DA:482,0
DA:489,4
DA:490,0
DA:491,0
DA:492,0
DA:493,0
DA:494,0
DA:495,0
DA:496,0
DA:498,0
DA:501,0
DA:502,0
DA:506,4
DA:507,0
DA:508,0
DA:509,0
DA:510,0
DA:511,0
DA:512,0
DA:513,0
DA:514,0
DA:518,0
DA:519,0
DA:523,2
DA:524,2
DA:525,4
DA:528,0
DA:530,0
DA:533,4
DA:534,4
DA:535,4
DA:536,2
DA:539,11
DA:540,0
DA:541,0
DA:542,0
DA:543,0
DA:546,0
DA:547,0
DA:548,0
DA:549,0
DA:555,2
LF:250
LH:132
end_of_record
SF:lib\view\choice\view_wrap_custom.dart
DA:34,1
DA:36,1
DA:37,1
DA:44,0
DA:45,0
DA:46,0
DA:47,0
DA:48,0
DA:49,0
DA:51,0
DA:53,0
DA:56,1
DA:57,3
DA:60,8
DA:66,1
DA:69,1
DA:70,1
DA:71,1
DA:72,1
DA:74,1
DA:77,1
DA:79,4
DA:84,1
DA:85,2
DA:87,0
DA:88,0
DA:90,0
DA:91,0
DA:92,0
DA:93,0
DA:95,0
DA:96,0
DA:99,0
DA:101,0
DA:110,1
DA:111,1
DA:112,1
DA:114,1
DA:117,0
DA:118,0
DA:119,0
DA:122,0
DA:123,0
DA:124,0
DA:125,0
DA:126,0
DA:127,0
DA:128,0
DA:130,0
DA:131,0
DA:132,0
DA:133,0
DA:134,0
DA:138,0
DA:139,0
DA:144,0
DA:145,0
DA:146,0
DA:147,0
DA:148,0
DA:149,0
DA:153,0
DA:154,0
DA:160,0
DA:162,0
DA:163,0
DA:165,0
DA:167,0
DA:170,0
DA:172,0
DA:173,0
DA:174,0
DA:178,0
DA:179,0
DA:184,0
DA:185,0
DA:186,0
DA:191,0
DA:192,0
DA:193,0
DA:194,0
DA:195,0
DA:197,0
DA:198,0
DA:199,0
DA:202,0
DA:203,0
DA:210,0
DA:211,0
DA:212,0
DA:213,0
DA:214,0
DA:215,0
DA:218,0
DA:219,0
DA:221,0
DA:224,0
DA:225,0
DA:228,0
DA:230,0
DA:235,0
DA:236,0
DA:237,0
DA:240,0
DA:241,0
DA:242,0
DA:245,0
DA:246,0
DA:247,0
DA:250,1
DA:251,1
DA:268,2
DA:270,2
DA:272,8
DA:273,2
DA:274,2
DA:276,2
DA:277,2
DA:278,3
DA:279,1
DA:280,1
DA:282,8
DA:283,2
DA:285,8
DA:286,2
DA:287,6
DA:288,2
DA:289,2
DA:290,4
DA:291,2
DA:292,4
DA:293,2
DA:294,8
DA:297,2
DA:298,1
DA:299,1
DA:305,2
DA:306,2
DA:307,1
DA:308,3
DA:310,1
DA:311,2
DA:313,0
DA:315,2
DA:322,1
DA:323,1
DA:324,1
DA:332,2
DA:333,1
DA:334,1
DA:335,1
DA:336,1
DA:337,1
DA:338,0
DA:339,0
DA:340,0
DA:342,1
DA:349,1
DA:350,2
DA:351,2
DA:353,2
DA:354,1
DA:358,1
DA:361,2
DA:362,2
DA:367,3
DA:368,1
DA:369,3
DA:370,0
DA:371,0
DA:373,1
DA:374,3
DA:376,1
DA:377,1
DA:378,1
DA:379,1
DA:380,4
DA:381,1
DA:384,1
LF:179
LH:84
end_of_record
SF:lib\view\util\view_back_dialog.dart
DA:8,0
DA:10,0
DA:12,0
DA:13,0
DA:14,0
DA:16,0
DA:17,0
DA:18,0
DA:19,0
DA:21,0
DA:23,0
DA:24,0
DA:25,0
DA:26,0
DA:28,0
DA:30,0
DA:32,0
DA:33,0
DA:34,0
DA:35,0
DA:37,0
DA:48,0
DA:50,0
DA:52,0
DA:53,0
DA:54,0
DA:56,0
DA:58,0
DA:63,0
DA:65,0
DA:66,0
DA:67,0
DA:68,0
DA:69,0
DA:71,0
DA:73,0
DA:75,0
DA:76,0
DA:77,0
DA:78,0
DA:80,0
DA:82,0
LF:42
LH:0
end_of_record
SF:lib\view\util\view_circle_button.dart
DA:10,1
DA:12,1
DA:14,1
DA:15,2
DA:16,1
DA:17,1
DA:18,1
DA:20,1
DA:22,1
LF:9
LH:9
end_of_record
SF:lib\viewModel\choice\vm_choice.g.dart
DA:9,2
DA:13,0
DA:15,2
DA:17,4
DA:19,8
DA:20,4
DA:23,2
DA:25,8
DA:27,4
DA:28,8
DA:39,4
DA:42,2
DA:45,2
DA:50,0
DA:54,0
DA:55,0
DA:61,0
DA:66,0
DA:69,0
DA:76,2
DA:78,2
DA:79,4
DA:91,2
DA:99,2
DA:103,0
DA:107,0
DA:109,0
DA:110,0
DA:111,0
DA:116,0
DA:121,2
DA:123,2
DA:126,2
DA:128,8
DA:131,2
DA:133,6
DA:134,6
DA:136,2
DA:148,2
DA:150,0
DA:151,0
DA:154,1
DA:158,3
LF:43
LH:28
end_of_record
SF:lib\viewModel\choice\vm_choice.dart
DA:25,10
DA:26,2
DA:34,2
DA:35,2
DA:38,2
DA:39,6
DA:40,0
DA:42,0
DA:43,0
DA:46,0
DA:47,0
DA:48,0
DA:50,0
DA:51,0
DA:52,0
DA:53,6
DA:54,6
DA:56,8
DA:60,0
DA:61,0
DA:64,1
DA:65,1
DA:66,1
DA:68,4
DA:69,0
DA:73,0
DA:74,0
DA:75,0
DA:77,0
DA:81,0
DA:82,0
DA:83,0
DA:84,0
DA:86,0
DA:87,0
DA:89,0
DA:91,0
DA:93,0
DA:94,0
DA:96,0
DA:99,0
DA:102,0
DA:103,0
DA:105,0
DA:109,0
DA:110,0
DA:111,0
DA:113,0
DA:114,0
DA:115,0
DA:118,0
DA:119,0
DA:120,0
DA:123,1
DA:124,5
DA:127,2
DA:128,4
DA:131,2
DA:132,2
DA:135,1
DA:136,1
DA:139,0
DA:140,0
DA:143,0
DA:144,0
DA:145,0
DA:146,0
DA:147,0
DA:149,0
DA:150,0
DA:151,0
DA:154,0
DA:155,0
DA:161,1
DA:166,0
DA:167,0
DA:171,2
DA:173,4
DA:174,0
DA:176,4
DA:177,5
DA:179,10
LF:82
LH:27
end_of_record
SF:lib\viewModel\choice\vm_choice_line.g.dart
DA:9,1
DA:13,0
DA:15,1
DA:17,2
DA:19,4
DA:20,2
DA:23,1
DA:25,4
DA:27,2
DA:28,4
DA:39,4
DA:42,1
DA:45,1
DA:50,0
DA:54,0
DA:55,0
DA:61,0
DA:66,0
DA:69,0
DA:76,1
DA:78,1
DA:79,2
DA:91,1
DA:99,1
DA:103,0
DA:107,0
DA:109,0
DA:110,0
DA:111,0
DA:116,0
DA:121,1
DA:123,1
DA:126,1
DA:128,4
DA:131,1
DA:133,3
DA:134,3
DA:136,1
DA:148,1
DA:150,0
DA:151,0
DA:154,1
DA:171,4
DA:174,1
DA:177,1
DA:182,0
DA:186,0
DA:187,0
DA:193,0
DA:198,0
DA:201,0
DA:208,1
DA:210,1
DA:211,3
DA:220,1
DA:228,1
DA:232,1
DA:236,1
DA:237,1
DA:241,0
DA:243,0
DA:245,0
DA:246,0
DA:247,0
DA:252,0
DA:257,1
DA:259,1
DA:262,1
DA:264,4
DA:267,1
DA:269,3
DA:270,3
DA:272,1
DA:284,1
DA:286,0
DA:287,0
DA:290,1
DA:307,4
DA:310,1
DA:313,1
DA:318,0
DA:322,0
DA:323,0
DA:329,0
DA:334,0
DA:337,0
DA:344,1
DA:346,1
DA:347,3
DA:356,1
DA:364,1
DA:368,1
DA:372,1
DA:373,1
DA:377,0
DA:379,0
DA:381,0
DA:382,0
DA:383,0
DA:388,0
DA:393,1
DA:395,1
DA:398,1
DA:400,4
DA:403,1
DA:405,3
DA:406,3
DA:408,1
DA:420,1
DA:422,0
DA:423,0
LF:111
LH:68
end_of_record
SF:lib\viewModel\choice\vm_choice_line.dart
DA:13,1
DA:15,4
DA:16,2
DA:17,3
DA:22,1
DA:24,6
DA:27,0
DA:28,0
DA:29,0
DA:30,0
DA:33,0
DA:34,0
DA:40,1
DA:45,0
DA:46,0
DA:50,5
LF:16
LH:8
end_of_record
SF:lib\viewModel\edit\preset\vm_choice_line_preset.dart
DA:11,0
DA:12,0
DA:13,0
DA:16,5
DA:17,2
DA:18,1
DA:21,4
DA:22,2
DA:23,0
DA:24,0
DA:25,0
DA:27,1
DA:33,6
DA:35,0
DA:36,0
DA:38,0
DA:39,0
DA:41,0
DA:42,0
DA:45,0
DA:46,0
DA:49,0
DA:50,0
DA:51,0
DA:53,0
DA:56,0
DA:57,0
DA:58,0
DA:59,0
DA:60,0
DA:64,0
DA:65,0
DA:66,0
DA:67,0
DA:69,0
DA:70,0
DA:73,0
DA:74,0
DA:75,0
LF:39
LH:7
end_of_record
SF:lib\viewModel\edit\vm_draggable_nested_map.dart
DA:13,5
DA:19,1
DA:20,5
DA:23,1
DA:24,1
DA:25,3
DA:26,5
DA:27,3
DA:28,9
DA:30,1
DA:33,0
DA:34,0
DA:35,0
DA:36,0
DA:37,0
DA:38,0
DA:40,0
DA:44,1
DA:45,2
DA:48,1
DA:49,3
DA:50,2
DA:53,0
DA:54,0
DA:55,0
DA:56,0
DA:61,1
DA:62,2
DA:65,0
DA:66,0
DA:72,0
DA:74,0
DA:78,0
DA:79,0
DA:81,0
DA:82,0
DA:86,0
DA:87,0
DA:94,0
DA:96,0
DA:97,0
DA:100,0
DA:101,0
LF:43
LH:17
end_of_record
SF:lib\viewModel\edit\vm_draggable_nested_map.g.dart
DA:9,0
DA:13,0
LF:2
LH:0
end_of_record
SF:lib\viewModel\edit\vm_editor.dart
DA:22,0
DA:23,0
DA:25,0
DA:27,0
DA:28,0
DA:29,0
DA:30,0
DA:32,0
DA:38,3
DA:44,1
DA:46,3
DA:48,1
DA:50,0
DA:53,0
DA:54,0
DA:55,0
DA:58,0
DA:59,0
DA:60,0
DA:65,0
DA:66,0
DA:67,0
DA:68,0
DA:69,0
DA:70,0
DA:71,0
DA:72,0
DA:79,0
DA:85,0
DA:87,0
DA:89,0
DA:91,0
DA:94,0
DA:95,0
DA:99,4
DA:100,3
DA:103,3
DA:107,0
DA:109,0
DA:112,0
DA:113,0
DA:115,0
DA:120,0
DA:123,0
DA:124,0
DA:125,0
DA:127,0
DA:128,0
DA:129,0
DA:130,0
DA:131,0
DA:132,0
DA:136,0
DA:137,0
DA:138,0
DA:143,0
DA:145,0
DA:146,0
DA:147,0
DA:150,0
DA:154,0
DA:156,0
DA:158,0
DA:162,0
DA:163,0
DA:166,0
DA:168,0
LF:67
LH:7
end_of_record
SF:lib\viewModel\edit\vm_editor.g.dart
DA:9,0
DA:13,0
DA:24,0
DA:28,3
DA:37,0
DA:41,0
DA:50,0
DA:54,0
LF:8
LH:1
end_of_record
SF:lib\viewModel\edit\vm_make_platform.dart
DA:8,4
DA:9,1
DA:15,2
DA:17,0
DA:18,0
DA:19,0
DA:20,0
DA:22,0
DA:23,0
DA:28,0
DA:29,0
DA:30,0
DA:31,0
DA:33,0
DA:34,0
DA:36,0
DA:37,0
DA:43,0
DA:44,0
DA:46,0
DA:47,0
DA:51,0
DA:52,0
DA:55,0
DA:56,0
DA:57,0
DA:61,0
DA:71,0
DA:78,4
DA:79,0
DA:80,0
DA:81,0
DA:82,0
DA:83,0
LF:34
LH:4
end_of_record
SF:lib\view\choice\view_choice_node_dialog.dart
DA:14,0
DA:16,0
DA:18,0
DA:19,0
DA:22,0
DA:23,0
DA:24,0
DA:25,0
DA:26,0
DA:28,0
DA:31,0
DA:34,0
DA:43,0
DA:45,0
DA:47,0
DA:48,0
DA:49,0
DA:50,0
DA:51,0
DA:54,0
DA:55,0
DA:58,0
DA:60,0
DA:61,0
DA:62,0
DA:63,0
DA:64,0
DA:66,0
DA:67,0
DA:68,0
LF:30
LH:0
end_of_record
SF:lib\view\util\view_image_loading.dart
DA:9,3
DA:11,1
DA:13,3
DA:15,0
DA:19,0
DA:23,2
LF:6
LH:4
end_of_record
SF:lib\viewModel\choice\vm_choice_node.g.dart
DA:9,2
DA:13,0
DA:15,2
DA:17,4
DA:19,8
DA:20,4
DA:23,2
DA:25,8
DA:27,4
DA:28,8
DA:39,4
DA:42,2
DA:45,2
DA:50,0
DA:54,0
DA:55,0
DA:61,0
DA:66,0
DA:69,0
DA:76,2
DA:78,2
DA:79,4
DA:91,2
DA:99,2
DA:103,0
DA:107,0
DA:109,0
DA:110,0
DA:111,0
DA:116,0
DA:121,2
DA:123,2
DA:126,2
DA:128,8
DA:131,2
DA:133,6
DA:134,6
DA:136,2
DA:148,2
DA:150,0
DA:151,0
DA:154,2
DA:163,4
DA:166,2
DA:169,2
DA:174,0
DA:178,0
DA:179,0
DA:185,0
DA:190,0
DA:193,0
DA:200,2
DA:202,2
DA:203,4
DA:215,2
DA:223,2
DA:227,0
DA:231,0
DA:233,0
DA:234,0
DA:235,0
DA:240,0
DA:245,2
DA:247,2
DA:250,2
DA:252,8
DA:255,2
DA:257,6
DA:258,6
DA:260,2
DA:272,2
DA:274,0
DA:275,0
DA:278,2
DA:287,4
DA:290,2
DA:293,2
DA:298,0
DA:302,0
DA:303,0
DA:309,0
DA:314,0
DA:317,0
DA:324,2
DA:326,2
DA:327,4
DA:339,2
DA:347,2
DA:351,0
DA:355,0
DA:357,0
DA:358,0
DA:359,0
DA:364,0
DA:369,2
DA:371,2
DA:374,2
DA:376,8
DA:379,2
DA:381,6
DA:382,6
DA:384,2
DA:396,2
DA:398,0
DA:399,0
LF:105
LH:62
end_of_record
SF:lib\viewModel\choice\vm_choice_node.dart
DA:14,2
DA:16,8
DA:17,2
DA:20,2
DA:22,8
DA:23,10
DA:24,2
DA:25,0
DA:28,2
DA:31,20
DA:33,2
DA:35,8
DA:36,4
DA:39,1
DA:42,0
DA:44,0
DA:45,0
DA:47,10
DA:48,8
DA:50,4
DA:51,2
DA:52,1
DA:53,1
DA:61,0
DA:63,0
DA:64,0
DA:65,0
DA:66,0
DA:67,0
DA:68,0
DA:70,0
DA:71,0
DA:72,0
DA:73,0
DA:78,0
DA:79,0
DA:87,0
DA:88,0
DA:89,0
DA:91,0
DA:92,0
DA:93,0
DA:94,0
DA:97,0
DA:99,0
DA:100,0
DA:101,0
DA:103,0
DA:107,0
DA:108,0
DA:109,0
DA:110,0
DA:111,0
LF:53
LH:19
end_of_record
SF:lib\viewModel\choice\vm_choice_page_edit.dart
DA:9,0
DA:11,0
DA:13,0
DA:19,0
DA:20,0
DA:21,0
DA:22,0
DA:23,0
DA:26,0
DA:27,0
DA:30,0
DA:31,0
DA:32,0
DA:33,0
DA:38,0
DA:39,0
DA:42,0
DA:43,0
DA:44,0
DA:48,0
DA:51,0
DA:54,0
DA:65,1
DA:67,2
DA:71,0
DA:72,0
DA:73,0
DA:74,0
LF:28
LH:2
end_of_record
SF:lib\viewModel\choice\vm_choice_page_edit.g.dart
DA:9,1
DA:13,3
LF:2
LH:2
end_of_record
SF:lib\viewModel\edit\preset\vm_choice_node_preset.g.dart
DA:9,0
DA:13,0
DA:15,0
DA:17,0
DA:19,0
DA:20,0
DA:23,0
DA:25,0
DA:27,0
DA:28,0
DA:39,4
DA:42,0
DA:45,0
DA:50,0
DA:54,0
DA:55,0
DA:61,0
DA:66,0
DA:69,0
DA:76,0
DA:78,0
DA:79,0
DA:91,0
DA:99,0
DA:103,0
DA:107,0
DA:109,0
DA:110,0
DA:111,0
DA:116,0
DA:121,0
DA:123,0
DA:126,0
DA:128,0
DA:131,0
DA:133,0
DA:134,0
DA:136,0
DA:148,0
DA:150,0
DA:151,0
DA:154,0
DA:163,4
DA:166,0
DA:169,0
DA:174,0
DA:178,0
DA:179,0
DA:185,0
DA:190,0
DA:193,0
DA:200,0
DA:202,0
DA:203,0
DA:215,0
DA:223,0
DA:227,0
DA:231,0
DA:233,0
DA:234,0
DA:235,0
DA:240,0
DA:245,0
DA:247,0
DA:250,0
DA:252,0
DA:255,0
DA:257,0
DA:258,0
DA:260,0
DA:272,0
DA:274,0
DA:275,0
DA:278,0
DA:287,4
DA:290,0
DA:294,0
DA:300,0
DA:304,0
DA:305,0
DA:306,0
DA:312,0
DA:317,0
DA:320,0
DA:327,0
DA:330,0
DA:331,0
DA:345,0
DA:354,0
DA:359,0
DA:363,0
DA:365,0
DA:366,0
DA:367,0
DA:372,0
DA:373,0
DA:378,0
DA:380,0
DA:383,0
DA:385,0
DA:388,0
DA:390,0
DA:391,0
DA:392,0
DA:394,0
DA:409,0
DA:411,0
DA:412,0
DA:413,0
DA:414,0
DA:417,0
DA:426,4
DA:429,0
DA:433,0
DA:439,0
DA:443,0
DA:444,0
DA:445,0
DA:451,0
DA:456,0
DA:459,0
DA:466,0
DA:469,0
DA:470,0
DA:484,0
DA:493,0
DA:498,0
DA:502,0
DA:504,0
DA:505,0
DA:506,0
DA:511,0
DA:512,0
DA:517,0
DA:519,0
DA:522,0
DA:524,0
DA:527,0
DA:529,0
DA:530,0
DA:531,0
DA:533,0
DA:548,0
DA:550,0
DA:551,0
DA:552,0
DA:553,0
DA:556,0
DA:560,0
LF:149
LH:4
end_of_record
SF:lib\viewModel\edit\preset\vm_choice_node_preset.dart
DA:17,0
DA:18,0
DA:19,0
DA:22,14
DA:23,4
DA:24,2
DA:27,0
DA:31,0
DA:33,0
DA:34,0
DA:36,0
DA:37,0
DA:40,0
DA:41,0
DA:42,0
DA:43,0
DA:44,0
DA:45,0
DA:47,0
DA:48,0
DA:51,0
DA:52,0
DA:53,0
DA:58,0
DA:60,0
DA:61,0
DA:63,0
DA:64,0
DA:67,0
DA:68,0
DA:69,0
DA:70,0
DA:71,0
DA:72,0
DA:73,0
DA:74,0
DA:75,0
DA:78,0
DA:79,0
DA:80,0
DA:85,0
DA:87,0
DA:88,0
DA:90,0
DA:92,0
DA:94,0
DA:98,0
DA:99,0
DA:100,0
DA:101,0
DA:102,0
DA:103,0
DA:107,0
DA:110,0
DA:112,0
DA:115,0
DA:116,0
DA:117,0
DA:122,0
DA:124,0
DA:125,0
DA:127,0
DA:129,0
DA:131,0
DA:135,0
DA:136,0
DA:137,0
DA:138,0
DA:139,0
DA:140,0
DA:144,0
DA:145,0
DA:146,0
DA:147,0
DA:150,0
DA:151,0
DA:152,0
DA:153,0
DA:155,0
DA:158,0
DA:159,0
DA:160,0
DA:165,0
DA:166,0
DA:167,0
DA:169,0
DA:170,0
DA:171,0
DA:173,0
DA:174,0
DA:177,0
DA:178,0
DA:179,0
DA:184,0
DA:185,0
DA:186,0
DA:188,0
DA:189,0
DA:190,0
DA:192,0
DA:193,0
DA:196,0
DA:197,0
DA:198,0
DA:203,0
DA:205,0
DA:206,0
DA:208,0
DA:209,0
DA:210,0
DA:212,0
DA:213,0
DA:216,0
DA:217,0
DA:218,0
DA:223,0
DA:224,0
DA:225,0
DA:227,0
DA:228,0
DA:229,0
DA:231,0
DA:232,0
DA:235,0
DA:236,0
DA:237,0
DA:241,0
DA:243,8
DA:244,4
DA:245,0
DA:246,0
DA:247,0
DA:249,2
DA:255,12
DA:257,0
DA:258,0
DA:260,0
DA:261,0
DA:263,0
DA:264,0
DA:267,0
DA:268,0
DA:269,0
DA:270,0
DA:272,0
DA:275,0
DA:276,0
DA:277,0
DA:278,0
DA:279,0
DA:283,0
DA:284,0
DA:285,0
DA:286,0
DA:288,0
DA:289,0
DA:292,0
DA:293,0
DA:294,0
LF:159
LH:7
end_of_record
SF:lib\viewModel\vm_variable_table.dart
DA:12,0
DA:13,0
DA:16,0
DA:17,0
DA:18,0
DA:19,0
DA:24,0
DA:28,0
DA:32,0
DA:36,0
DA:41,0
DA:42,0
DA:43,0
DA:47,0
DA:48,0
DA:59,0
DA:67,0
DA:68,0
DA:72,0
DA:73,0
DA:74,0
DA:76,0
DA:79,0
DA:80,0
DA:83,0
DA:84,0
DA:85,0
DA:86,0
DA:87,0
DA:88,0
DA:89,0
DA:92,0
LF:32
LH:0
end_of_record
SF:lib\view\util\SliderThumbStyle.dart
DA:7,4
DA:9,0
DA:11,0
DA:14,0
DA:29,0
DA:31,0
DA:32,0
DA:33,0
DA:35,0
DA:36,0
LF:10
LH:1
end_of_record
SF:lib\view\util\view_outline_overlay.dart
DA:13,2
DA:23,2
DA:25,12
DA:28,0
DA:30,0
DA:31,0
DA:32,0
DA:33,0
DA:34,0
DA:35,0
DA:46,2
DA:53,2
DA:54,2
DA:55,2
DA:56,2
DA:57,2
DA:60,0
DA:62,0
DA:63,0
DA:66,0
DA:67,0
DA:70,0
DA:72,0
DA:73,0
DA:76,0
DA:77,0
DA:80,0
DA:82,0
DA:83,0
DA:86,0
DA:87,0
DA:90,4
DA:92,0
DA:93,0
DA:96,0
DA:97,0
DA:100,4
DA:102,0
DA:103,0
DA:106,0
DA:107,0
DA:110,2
DA:112,2
DA:113,2
DA:114,4
DA:115,8
DA:116,8
DA:117,12
DA:118,12
DA:119,4
DA:122,2
DA:123,6
DA:124,16
DA:125,2
DA:126,2
DA:128,2
DA:130,0
DA:131,0
DA:133,0
DA:134,0
DA:137,2
DA:139,2
DA:140,4
DA:141,2
DA:142,4
LF:65
LH:31
end_of_record
SF:lib\view\choice\view_choice_page.dart
DA:17,8
DA:19,1
DA:20,1
DA:26,1
DA:28,1
DA:31,0
DA:33,0
DA:34,0
DA:37,0
DA:39,0
DA:44,0
DA:46,0
DA:47,0
DA:48,0
DA:49,0
DA:51,0
DA:52,0
DA:53,0
DA:56,0
DA:57,0
DA:60,0
DA:61,0
DA:62,0
DA:64,0
DA:67,0
DA:68,0
DA:69,0
DA:71,0
DA:73,0
DA:74,0
DA:75,0
DA:78,0
DA:80,0
DA:81,0
DA:82,0
DA:85,0
DA:89,0
DA:90,0
DA:94,1
DA:96,3
DA:98,0
DA:100,3
DA:101,3
DA:102,6
DA:104,4
DA:105,1
DA:107,1
DA:108,1
DA:109,1
DA:110,1
DA:111,1
DA:112,1
DA:113,1
DA:119,1
DA:125,1
DA:127,0
DA:128,0
DA:130,1
DA:131,1
DA:132,2
DA:133,2
DA:134,3
DA:136,1
DA:137,1
DA:138,1
DA:139,1
LF:66
LH:30
end_of_record
SF:lib\viewModel\edit\vm_design_setting.dart
DA:9,4
DA:10,2
DA:11,0
DA:12,0
DA:13,0
DA:15,2
DA:18,4
DA:19,2
DA:20,1
DA:23,0
DA:29,0
DA:30,0
DA:33,0
DA:36,0
DA:40,0
DA:44,0
DA:45,0
DA:52,0
DA:54,0
DA:55,0
DA:56,0
DA:57,0
LF:22
LH:6
end_of_record
SF:lib\viewModel\vm_global_setting.dart
DA:15,0
DA:17,0
DA:18,0
DA:22,0
DA:23,0
DA:24,0
DA:30,0
DA:32,0
DA:36,0
DA:37,0
DA:43,0
DA:45,0
DA:48,0
DA:49,0
DA:55,0
DA:57,0
DA:60,0
DA:61,0
DA:67,0
DA:69,0
DA:73,0
DA:74,0
DA:75,0
DA:78,0
DA:79,0
DA:80,0
DA:84,0
DA:85,0
DA:86,0
DA:89,0
DA:90,0
DA:91,0
DA:95,2
DA:97,2
DA:98,0
LF:35
LH:2
end_of_record
SF:lib\viewModel\vm_global_setting.g.dart
DA:9,2
DA:13,6
DA:24,0
DA:28,0
DA:37,0
DA:41,0
DA:50,0
DA:54,0
DA:63,0
DA:67,0
DA:76,0
DA:80,0
LF:12
LH:2
end_of_record
SF:lib\view\code\view_ide.dart
DA:24,0
DA:30,0
DA:31,0
DA:42,0
DA:44,0
DA:45,0
DA:46,0
DA:48,0
DA:49,0
DA:50,0
DA:51,0
DA:54,0
DA:55,0
DA:57,0
DA:58,0
DA:59,0
DA:60,0
DA:63,0
DA:66,0
DA:68,0
DA:69,0
DA:70,0
DA:71,0
DA:72,0
DA:73,0
DA:74,0
DA:77,0
DA:78,0
DA:79,0
DA:80,0
DA:85,0
DA:86,0
DA:88,0
DA:93,0
DA:96,0
DA:97,0
DA:98,0
DA:100,0
DA:101,0
DA:102,0
DA:103,0
DA:104,0
DA:107,0
DA:108,0
DA:109,0
DA:110,0
DA:111,0
DA:112,0
DA:113,0
DA:114,0
DA:116,0
DA:118,0
DA:123,0
DA:127,0
DA:128,0
DA:130,0
DA:131,0
DA:133,0
DA:134,0
DA:135,0
DA:136,0
DA:137,0
DA:138,0
DA:139,0
DA:140,0
DA:141,0
DA:152,0
DA:153,0
DA:156,0
DA:157,0
DA:158,0
DA:159,0
DA:160,0
DA:161,0
DA:162,0
DA:164,0
DA:166,0
DA:167,0
DA:169,0
DA:170,0
DA:171,0
DA:172,0
DA:174,0
DA:175,0
DA:182,0
DA:183,0
DA:184,0
DA:185,0
DA:187,0
DA:189,0
DA:190,0
DA:192,0
DA:193,0
DA:194,0
DA:195,0
DA:197,0
DA:198,0
DA:205,0
DA:206,0
DA:207,0
DA:209,0
DA:211,0
DA:212,0
DA:214,0
DA:230,0
DA:236,0
DA:237,0
DA:243,0
DA:245,0
DA:248,0
DA:250,0
DA:251,0
DA:254,0
DA:256,0
DA:257,0
DA:260,0
DA:261,0
DA:263,0
DA:264,0
DA:265,0
DA:266,0
DA:267,0
DA:270,0
DA:271,0
DA:272,0
DA:275,0
DA:276,0
DA:277,0
DA:280,0
DA:282,0
DA:283,0
DA:284,0
DA:286,0
DA:295,0
DA:297,0
DA:298,0
DA:299,0
DA:301,0
DA:302,0
DA:303,0
DA:304,0
DA:305,0
DA:306,0
DA:307,0
DA:308,0
DA:329,0
DA:331,0
DA:332,0
DA:338,0
DA:340,0
DA:343,0
DA:345,0
DA:346,0
DA:349,0
DA:351,0
DA:353,0
DA:354,0
DA:357,0
DA:358,0
DA:360,0
DA:361,0
DA:364,0
DA:365,0
DA:366,0
DA:367,0
DA:369,0
DA:378,0
DA:379,0
DA:381,0
DA:384,0
DA:385,0
DA:386,0
DA:396,0
DA:397,0
DA:408,0
DA:410,0
DA:411,0
DA:418,0
DA:420,0
DA:423,0
DA:424,0
DA:425,0
DA:426,0
DA:427,0
DA:428,0
DA:429,0
DA:430,0
DA:431,0
DA:432,0
DA:433,0
DA:434,0
DA:435,0
DA:442,0
DA:444,0
DA:445,0
DA:446,0
DA:447,0
DA:451,0
DA:453,0
DA:454,0
DA:457,0
DA:458,0
DA:459,0
DA:461,0
DA:462,0
DA:464,0
DA:467,0
DA:468,0
DA:470,0
DA:471,0
DA:478,0
DA:479,0
DA:481,0
DA:482,0
DA:484,0
DA:487,0
DA:488,0
DA:490,0
DA:491,0
DA:497,0
DA:498,0
DA:499,0
DA:501,0
DA:502,0
DA:504,0
DA:506,0
DA:507,0
DA:508,0
DA:509,0
DA:510,0
DA:511,0
DA:512,0
DA:513,0
DA:515,0
DA:516,0
DA:530,0
DA:532,0
DA:533,0
DA:540,0
DA:542,0
DA:543,0
DA:544,0
DA:547,0
DA:549,0
DA:550,0
DA:552,0
DA:553,0
DA:554,0
DA:555,0
DA:556,0
DA:557,0
DA:559,0
DA:560,0
DA:568,0
DA:569,0
DA:573,0
DA:575,0
DA:576,0
DA:577,0
DA:579,0
DA:580,0
DA:581,0
DA:582,0
DA:584,0
DA:585,0
DA:588,0
DA:589,0
DA:590,0
DA:591,0
LF:269
LH:0
end_of_record
SF:lib\view\util\controller_adjustable_scroll.dart
DA:9,0
DA:11,0
DA:12,0
DA:18,0
DA:20,0
DA:21,0
DA:24,0
DA:26,0
DA:27,0
DA:28,0
DA:29,0
DA:30,0
DA:31,0
DA:33,0
DA:35,0
DA:37,0
DA:38,0
DA:39,0
DA:50,0
DA:52,0
DA:53,0
DA:59,0
DA:61,0
DA:62,0
DA:65,0
DA:67,0
DA:68,0
DA:73,0
DA:74,0
DA:75,0
DA:76,0
DA:78,0
DA:80,0
DA:81,0
LF:34
LH:0
end_of_record
SF:lib\view\util\view_options.dart
DA:18,0
DA:21,0
DA:23,0
DA:24,0
DA:25,0
DA:26,0
DA:27,0
DA:28,0
DA:29,0
DA:31,0
DA:33,0
DA:34,0
DA:35,0
DA:36,0
DA:38,0
DA:40,0
DA:41,0
DA:44,0
DA:45,0
DA:46,0
DA:49,0
DA:51,0
DA:55,0
DA:56,0
DA:57,0
DA:81,0
DA:83,0
DA:85,0
DA:87,0
DA:88,0
DA:89,0
DA:90,0
DA:93,0
DA:94,0
DA:95,0
DA:96,0
DA:97,0
DA:108,0
DA:109,0
DA:111,0
DA:112,0
DA:113,0
DA:127,0
DA:129,0
DA:131,0
DA:132,0
DA:133,0
DA:134,0
DA:136,0
DA:137,0
DA:138,0
DA:139,0
DA:140,0
LF:53
LH:0
end_of_record
SF:lib\viewModel\code\vm_ide.dart
DA:26,0
DA:27,0
DA:30,0
DA:36,0
DA:37,0
DA:38,0
DA:40,0
DA:41,0
DA:42,0
DA:44,0
DA:47,0
DA:49,0
DA:50,0
DA:52,0
DA:53,0
DA:54,0
DA:56,0
DA:57,0
DA:58,0
DA:59,0
DA:60,0
DA:62,0
DA:63,0
DA:64,0
DA:65,0
DA:66,0
DA:67,0
DA:68,0
DA:69,0
DA:70,0
DA:72,0
DA:73,0
DA:74,0
DA:75,0
DA:77,0
DA:78,0
DA:79,0
DA:84,0
DA:85,0
DA:92,0
DA:93,0
DA:94,0
DA:95,0
DA:96,0
DA:99,0
DA:100,0
DA:102,0
DA:105,0
DA:106,0
DA:107,0
DA:110,0
DA:111,0
DA:117,0
DA:118,0
DA:121,0
DA:134,0
DA:136,0
DA:137,0
DA:139,0
DA:141,0
DA:142,0
DA:143,0
DA:144,0
DA:147,0
DA:148,0
DA:149,0
DA:150,0
DA:151,0
DA:154,0
DA:156,0
DA:157,0
DA:158,0
DA:162,0
DA:163,0
DA:164,0
DA:165,0
DA:166,0
DA:167,0
DA:168,0
DA:169,0
DA:170,0
DA:171,0
DA:172,0
DA:174,0
DA:175,0
DA:178,0
DA:179,0
DA:181,0
DA:182,0
DA:183,0
DA:184,0
DA:185,0
DA:187,0
DA:188,0
DA:190,0
DA:191,0
DA:193,0
DA:203,0
DA:205,0
DA:206,0
DA:209,0
DA:211,0
DA:212,0
DA:213,0
DA:214,0
DA:215,0
DA:216,0
DA:220,0
DA:221,0
DA:223,0
DA:224,0
DA:225,0
DA:226,0
DA:227,0
DA:228,0
DA:232,0
DA:235,0
DA:236,0
DA:237,0
DA:238,0
DA:239,0
DA:240,0
DA:241,0
DA:244,0
DA:245,0
DA:246,0
DA:248,0
DA:250,0
DA:252,0
DA:253,0
DA:254,0
LF:131
LH:0
end_of_record
SF:lib\viewModel\code\vm_ide.g.dart
DA:9,0
DA:13,0
DA:15,0
DA:17,0
DA:19,0
DA:20,0
DA:23,0
DA:25,0
DA:27,0
DA:28,0
DA:39,4
DA:42,0
DA:45,0
DA:50,0
DA:54,0
DA:55,0
DA:61,0
DA:66,0
DA:69,0
DA:76,0
DA:78,0
DA:79,0
DA:91,0
DA:99,0
DA:103,0
DA:107,0
DA:109,0
DA:110,0
DA:111,0
DA:116,0
DA:121,0
DA:123,0
DA:126,0
DA:128,0
DA:131,0
DA:133,0
DA:134,0
DA:136,0
DA:148,0
DA:150,0
DA:151,0
DA:154,0
DA:171,4
DA:174,0
DA:177,0
DA:182,0
DA:186,0
DA:187,0
DA:193,0
DA:198,0
DA:201,0
DA:208,0
DA:210,0
DA:211,0
DA:220,0
DA:228,0
DA:232,0
DA:236,0
DA:237,0
DA:241,0
DA:243,0
DA:245,0
DA:246,0
DA:247,0
DA:252,0
DA:257,0
DA:259,0
DA:262,0
DA:264,0
DA:267,0
DA:269,0
DA:270,0
DA:272,0
DA:284,0
DA:286,0
DA:287,0
LF:76
LH:2
end_of_record
SF:lib\view\code\view_ide_line.dart
DA:11,4
DA:13,0
DA:17,0
DA:19,0
DA:22,0
DA:24,0
DA:27,0
DA:28,0
DA:29,0
DA:30,0
DA:32,0
DA:33,0
LF:12
LH:1
end_of_record
SF:lib\view\code\view_ide_node.dart
DA:13,0
DA:15,0
DA:18,0
DA:19,0
DA:21,0
DA:24,0
DA:26,0
LF:7
LH:0
end_of_record
SF:lib\view\edit\design\view_choice_line_preset.dart
DA:18,4
DA:20,0
DA:22,0
DA:23,0
DA:26,0
DA:27,0
DA:29,0
DA:31,0
DA:32,0
DA:33,0
DA:34,0
DA:43,4
DA:47,0
DA:49,0
DA:50,0
DA:52,0
DA:53,0
DA:54,0
DA:58,0
DA:60,0
DA:61,0
DA:62,0
DA:64,0
DA:65,0
DA:68,0
DA:69,0
DA:73,0
DA:74,0
DA:75,0
DA:76,0
DA:77,0
DA:81,0
DA:82,0
DA:83,0
DA:84,0
DA:85,0
DA:87,0
DA:88,0
DA:89,0
DA:90,0
DA:91,0
DA:92,0
DA:93,0
DA:94,0
DA:95,0
DA:96,0
DA:97,0
DA:98,0
DA:99,0
DA:104,0
DA:105,0
DA:106,0
DA:107,0
DA:108,0
DA:110,0
DA:115,0
DA:116,0
DA:118,0
DA:119,0
DA:129,4
DA:131,0
DA:132,0
DA:138,0
DA:140,0
DA:141,0
DA:144,0
DA:146,0
DA:147,0
DA:148,0
DA:149,0
DA:151,0
DA:152,0
DA:155,0
DA:156,0
DA:157,0
DA:158,0
DA:159,0
DA:161,0
DA:162,0
DA:164,0
DA:165,0
DA:166,0
DA:167,0
DA:169,0
DA:171,0
DA:172,0
DA:181,0
DA:182,0
DA:183,0
DA:185,0
DA:186,0
DA:187,0
DA:189,0
DA:192,0
DA:193,0
DA:195,0
DA:196,0
DA:197,0
DA:199,0
DA:200,0
DA:202,0
DA:203,0
DA:204,0
DA:207,0
DA:208,0
DA:209,0
DA:211,0
DA:219,0
DA:221,0
DA:222,0
DA:223,0
DA:224,0
DA:226,0
LF:113
LH:3
end_of_record
SF:lib\view\edit\design\view_preset.dart
DA:17,0
DA:21,0
DA:23,0
DA:24,0
DA:25,0
DA:26,0
DA:27,0
DA:29,0
DA:30,0
DA:46,0
DA:47,0
DA:54,0
DA:69,0
DA:71,0
DA:72,0
DA:78,0
DA:80,0
DA:81,0
DA:84,0
DA:86,0
DA:87,0
DA:88,0
DA:89,0
DA:90,0
DA:91,0
DA:92,0
DA:94,0
DA:96,0
DA:97,0
DA:98,0
DA:100,0
DA:102,0
DA:104,0
DA:108,0
DA:109,0
DA:115,0
DA:116,0
DA:118,0
DA:119,0
DA:121,0
DA:123,0
DA:124,0
DA:125,0
DA:127,0
DA:130,0
DA:132,0
DA:134,0
DA:136,0
DA:144,0
DA:146,0
DA:151,0
DA:153,0
DA:154,0
DA:156,0
DA:157,0
DA:158,0
DA:159,0
DA:161,0
DA:162,0
DA:168,0
DA:170,0
DA:180,0
DA:185,0
DA:186,0
DA:192,0
DA:194,0
DA:195,0
DA:198,0
DA:200,0
DA:201,0
DA:204,0
DA:206,0
DA:207,0
DA:208,0
DA:211,0
DA:212,0
DA:213,0
DA:214,0
DA:216,0
DA:217,0
DA:218,0
DA:219,0
DA:221,0
LF:83
LH:0
end_of_record
SF:lib\viewModel\edit\preset\vm_preset.dart
DA:3,0
DA:4,0
DA:5,0
DA:10,0
LF:4
LH:0
end_of_record
SF:lib\view\util\view_color_picker.dart
DA:16,0
DA:18,0
DA:20,0
DA:22,0
DA:23,0
DA:24,0
DA:26,0
DA:27,0
DA:28,0
DA:29,0
DA:32,0
DA:33,0
DA:34,0
DA:39,0
DA:40,0
DA:41,0
DA:43,0
DA:48,0
DA:50,0
DA:51,0
DA:52,0
DA:53,0
DA:65,0
DA:67,0
DA:68,0
DA:77,0
DA:79,0
DA:80,0
DA:83,0
DA:84,0
DA:87,0
DA:88,0
DA:89,0
DA:90,0
DA:91,0
DA:94,0
DA:96,0
DA:97,0
DA:98,0
DA:99,0
DA:100,0
DA:103,0
DA:105,0
DA:108,0
DA:110,0
DA:111,0
DA:112,0
DA:116,0
DA:118,0
DA:119,0
DA:121,0
DA:122,0
DA:123,0
DA:124,0
DA:125,0
DA:127,0
DA:128,0
DA:138,0
DA:139,0
DA:141,0
DA:148,0
DA:149,0
DA:150,0
DA:152,0
DA:153,0
DA:163,0
DA:164,0
DA:166,0
DA:173,0
DA:174,0
DA:175,0
DA:177,0
DA:178,0
DA:188,0
DA:189,0
DA:191,0
DA:198,0
DA:199,0
DA:200,0
DA:201,0
DA:203,0
DA:204,0
DA:214,0
DA:215,0
DA:217,0
DA:234,0
DA:236,0
DA:241,0
DA:244,0
DA:245,0
DA:246,0
DA:247,0
DA:248,0
DA:249,0
DA:251,0
DA:261,0
DA:263,0
DA:264,0
DA:270,0
DA:272,0
DA:273,0
DA:274,0
DA:275,0
DA:277,0
DA:280,0
DA:282,0
DA:283,0
DA:284,0
DA:285,0
DA:287,0
DA:290,0
DA:292,0
DA:293,0
DA:294,0
DA:297,0
DA:298,0
DA:299,0
DA:300,0
DA:301,0
DA:302,0
DA:305,0
DA:306,0
DA:308,0
DA:309,0
DA:310,0
DA:311,0
DA:316,0
DA:317,0
DA:319,0
DA:320,0
DA:321,0
DA:323,0
DA:324,0
DA:338,0
DA:340,0
DA:342,0
DA:344,0
DA:345,0
DA:348,0
DA:349,0
DA:351,0
DA:352,0
DA:353,0
DA:354,0
DA:355,0
DA:357,0
DA:358,0
DA:363,0
DA:364,0
DA:365,0
DA:366,0
DA:367,0
DA:368,0
DA:370,0
DA:383,0
DA:385,0
DA:386,0
DA:393,0
DA:395,0
DA:398,0
DA:399,0
DA:400,0
DA:403,0
DA:404,0
DA:405,0
DA:406,0
DA:408,0
DA:410,0
DA:411,0
DA:412,0
DA:413,0
DA:414,0
DA:415,0
DA:425,0
DA:426,0
DA:427,0
DA:428,0
DA:429,0
DA:430,0
DA:432,0
DA:434,0
DA:435,0
DA:436,0
DA:437,0
DA:438,0
DA:439,0
DA:441,0
DA:447,0
DA:449,0
DA:450,0
DA:452,0
DA:453,0
DA:455,0
DA:456,0
DA:458,0
DA:459,0
DA:461,0
DA:462,0
DA:465,0
DA:466,0
DA:467,0
DA:469,0
DA:471,0
DA:472,0
DA:473,0
DA:475,0
DA:477,0
DA:483,0
DA:485,0
DA:486,0
DA:489,0
DA:490,0
DA:491,0
DA:493,0
DA:495,0
DA:496,0
DA:497,0
DA:499,0
DA:501,0
LF:219
LH:0
end_of_record
SF:lib\view\edit\design\view_choice_node_preset.dart
DA:22,4
DA:24,0
DA:26,0
DA:27,0
DA:29,0
DA:32,0
DA:33,0
DA:34,0
DA:35,0
DA:47,0
DA:48,0
DA:49,0
DA:51,0
DA:53,0
DA:58,0
DA:61,0
DA:62,0
DA:63,0
DA:64,0
DA:76,0
DA:77,0
DA:78,0
DA:80,0
DA:82,0
DA:89,4
DA:93,0
DA:95,0
DA:96,0
DA:98,0
DA:99,0
DA:100,0
DA:104,0
DA:106,0
DA:107,0
DA:108,0
DA:110,0
DA:111,0
DA:114,0
DA:115,0
DA:118,0
DA:122,0
DA:123,0
DA:124,0
DA:125,0
DA:126,0
DA:130,0
DA:131,0
DA:132,0
DA:133,0
DA:134,0
DA:136,0
DA:137,0
DA:138,0
DA:139,0
DA:140,0
DA:141,0
DA:142,0
DA:143,0
DA:144,0
DA:145,0
DA:146,0
DA:147,0
DA:148,0
DA:153,0
DA:154,0
DA:155,0
DA:156,0
DA:157,0
DA:159,0
DA:161,0
DA:167,0
DA:168,0
DA:170,0
DA:171,0
DA:181,4
DA:185,0
DA:186,0
DA:192,0
DA:194,0
DA:195,0
DA:198,0
DA:200,0
DA:201,0
DA:204,0
DA:207,0
DA:208,0
DA:210,0
DA:212,0
DA:217,0
DA:218,0
DA:219,0
DA:220,0
DA:222,0
DA:223,0
DA:225,0
DA:226,0
DA:227,0
DA:228,0
DA:235,0
DA:238,0
DA:239,0
DA:241,0
DA:242,0
DA:243,0
DA:244,0
DA:245,0
DA:246,0
DA:249,0
DA:250,0
DA:251,0
DA:263,0
DA:265,0
DA:266,0
DA:267,0
DA:272,0
DA:273,0
DA:274,0
DA:275,0
DA:276,0
DA:280,0
DA:281,0
DA:282,0
DA:292,4
DA:294,0
DA:295,0
DA:301,0
DA:303,0
DA:304,0
DA:307,0
DA:309,0
DA:310,0
DA:311,0
DA:312,0
DA:315,0
DA:316,0
DA:317,0
DA:320,0
DA:321,0
DA:322,0
DA:323,0
DA:324,0
DA:325,0
DA:326,0
DA:327,0
DA:328,0
DA:331,0
DA:333,0
DA:334,0
DA:335,0
DA:337,0
DA:338,0
DA:340,0
DA:342,0
DA:343,0
DA:344,0
DA:346,0
DA:348,0
DA:349,0
DA:351,0
DA:352,0
DA:354,0
DA:356,0
DA:357,0
DA:359,0
DA:360,0
DA:362,0
DA:364,0
DA:365,0
DA:367,0
DA:368,0
DA:370,0
DA:372,0
DA:373,0
DA:374,0
DA:375,0
DA:376,0
DA:379,0
DA:380,0
DA:381,0
DA:386,0
DA:388,0
DA:389,0
DA:390,0
DA:392,0
DA:393,0
DA:395,0
DA:398,0
DA:399,0
DA:401,0
DA:403,0
DA:404,0
DA:406,0
DA:409,0
DA:410,0
DA:423,4
DA:425,0
DA:426,0
DA:432,0
DA:434,0
DA:435,0
DA:438,0
DA:440,0
DA:441,0
DA:442,0
DA:443,0
DA:444,0
DA:447,0
DA:448,0
DA:449,0
DA:451,0
DA:452,0
DA:453,0
DA:454,0
DA:456,0
DA:457,0
DA:459,0
DA:460,0
DA:461,0
DA:462,0
DA:463,0
DA:470,0
DA:471,0
DA:472,0
DA:474,0
DA:475,0
DA:477,0
DA:480,0
DA:481,0
DA:483,0
DA:485,0
DA:487,0
DA:491,0
DA:493,0
DA:494,0
DA:495,0
DA:496,0
DA:497,0
DA:498,0
DA:499,0
DA:507,0
DA:508,0
DA:509,0
DA:510,0
DA:511,0
DA:512,0
DA:514,0
DA:520,0
DA:521,0
DA:522,0
DA:524,0
DA:525,0
DA:527,0
DA:528,0
DA:529,0
DA:531,0
DA:532,0
DA:533,0
DA:534,0
DA:535,0
DA:545,0
DA:547,0
DA:549,0
DA:550,0
DA:551,0
DA:552,0
DA:553,0
DA:554,0
DA:555,0
DA:557,0
DA:561,0
DA:566,0
DA:568,0
DA:570,0
DA:571,0
DA:572,0
DA:573,0
DA:574,0
DA:575,0
DA:576,0
DA:590,4
DA:592,0
DA:593,0
DA:599,0
DA:601,0
DA:602,0
DA:605,0
DA:607,0
DA:608,0
DA:609,0
DA:610,0
DA:613,0
DA:614,0
DA:615,0
DA:618,0
DA:619,0
DA:621,0
DA:622,0
DA:624,0
DA:628,0
DA:630,0
DA:632,0
DA:633,0
DA:635,0
DA:636,0
DA:637,0
DA:638,0
DA:639,0
DA:646,0
DA:648,0
DA:649,0
DA:651,0
DA:652,0
DA:653,0
DA:654,0
DA:655,0
DA:662,0
DA:664,0
DA:665,0
DA:667,0
DA:668,0
DA:669,0
DA:670,0
DA:671,0
DA:686,4
DA:688,0
DA:689,0
DA:695,0
DA:697,0
DA:698,0
DA:701,0
DA:703,0
DA:704,0
DA:705,0
DA:706,0
DA:709,0
DA:710,0
DA:711,0
DA:714,0
DA:715,0
DA:717,0
DA:718,0
DA:720,0
DA:721,0
DA:722,0
DA:723,0
DA:729,0
DA:731,0
DA:732,0
DA:734,0
DA:735,0
DA:736,0
DA:737,0
DA:738,0
DA:739,0
DA:740,0
DA:741,0
DA:743,0
DA:749,0
DA:750,0
DA:751,0
DA:752,0
DA:753,0
DA:754,0
DA:778,0
DA:780,0
DA:782,0
DA:783,0
DA:785,0
DA:786,0
DA:787,0
DA:789,0
DA:791,0
DA:792,0
DA:794,0
DA:796,0
DA:798,0
DA:799,0
DA:800,0
DA:801,0
DA:802,0
DA:804,0
DA:808,0
DA:809,0
DA:810,0
DA:811,0
DA:813,0
DA:817,0
DA:818,0
DA:819,0
DA:820,0
DA:822,0
DA:828,0
DA:829,0
DA:830,0
DA:831,0
DA:832,0
DA:833,0
DA:835,0
DA:840,0
DA:841,0
DA:842,0
DA:843,0
DA:845,0
DA:851,0
DA:853,0
DA:854,0
DA:855,0
DA:856,0
DA:857,0
DA:859,0
DA:863,0
DA:864,0
DA:865,0
DA:866,0
DA:868,0
DA:872,0
DA:873,0
DA:874,0
DA:875,0
DA:877,0
LF:420
LH:7
end_of_record
SF:lib\view\edit\design\view_design.dart
DA:16,4
DA:18,0
DA:20,0
DA:22,0
DA:23,0
DA:24,0
DA:26,0
DA:28,0
DA:30,0
DA:31,0
DA:32,0
DA:33,0
DA:34,0
DA:35,0
DA:40,0
DA:42,0
DA:43,0
DA:44,0
DA:45,0
DA:46,0
DA:47,0
DA:48,0
DA:50,0
DA:64,4
DA:66,0
DA:67,0
DA:73,0
DA:75,0
DA:76,0
DA:79,0
DA:81,0
DA:82,0
DA:83,0
DA:84,0
DA:85,0
DA:86,0
DA:87,0
DA:90,0
DA:91,0
DA:93,0
DA:94,0
DA:95,0
DA:96,0
DA:104,0
DA:106,0
DA:109,0
DA:112,0
DA:113,0
DA:114,0
DA:115,0
DA:120,0
DA:121,0
DA:122,0
DA:123,0
DA:126,0
DA:127,0
DA:130,0
DA:131,0
DA:132,0
DA:133,0
DA:134,0
DA:135,0
DA:146,0
DA:156,4
DA:160,0
DA:161,0
DA:167,0
DA:169,0
DA:170,0
DA:172,0
DA:173,0
DA:174,0
DA:177,0
DA:180,0
DA:182,0
DA:183,0
DA:184,0
DA:187,0
DA:189,0
DA:190,0
DA:191,0
DA:192,0
LF:82
LH:3
end_of_record
SF:lib\view\edit\view_clipboard.dart
DA:9,4
DA:11,0
DA:12,0
DA:16,0
DA:18,0
DA:19,0
DA:20,0
DA:21,0
DA:22,0
DA:24,0
DA:26,0
DA:27,0
DA:28,0
DA:33,0
DA:35,0
DA:36,0
DA:38,0
DA:44,0
LF:18
LH:1
end_of_record
SF:lib\view\edit\view_editor.dart
DA:25,4
DA:29,0
DA:30,0
DA:36,0
DA:38,0
DA:39,0
DA:42,0
DA:44,0
DA:45,0
DA:48,0
DA:50,0
DA:53,0
DA:55,0
DA:57,0
DA:58,0
DA:59,0
DA:61,0
DA:62,0
DA:63,0
DA:64,0
DA:66,0
DA:69,0
DA:70,0
DA:71,0
DA:72,0
DA:73,0
DA:75,0
DA:81,0
DA:82,0
DA:85,0
DA:86,0
DA:88,0
DA:89,0
DA:91,0
DA:92,0
DA:93,0
DA:95,0
DA:96,0
DA:97,0
DA:98,0
DA:102,0
DA:103,0
DA:104,0
DA:105,0
DA:107,0
DA:109,0
DA:110,0
DA:111,0
DA:112,0
DA:113,0
DA:120,0
DA:121,0
DA:130,4
DA:134,0
DA:136,0
DA:137,0
DA:139,0
DA:140,0
DA:142,0
DA:143,0
DA:154,5
DA:158,1
DA:159,1
DA:165,1
DA:167,3
DA:168,3
DA:169,3
DA:170,3
DA:171,6
DA:173,1
DA:176,1
DA:178,2
DA:179,1
DA:182,1
DA:184,3
DA:185,5
DA:186,1
DA:187,1
DA:189,1
DA:190,1
DA:191,3
DA:194,3
DA:202,5
DA:206,1
DA:207,1
DA:210,0
DA:217,1
DA:219,2
DA:220,3
DA:221,2
DA:222,2
DA:224,0
DA:226,2
DA:227,0
DA:228,0
DA:229,0
DA:230,0
DA:231,0
DA:236,0
DA:237,0
DA:238,0
DA:241,0
DA:242,0
DA:247,0
DA:250,2
DA:251,1
DA:254,0
DA:256,0
DA:257,0
DA:258,0
DA:259,0
DA:260,0
DA:263,0
DA:264,0
DA:265,0
DA:266,0
DA:268,0
DA:269,0
DA:270,0
DA:273,0
DA:275,0
DA:276,0
DA:279,0
DA:282,0
DA:283,0
DA:286,0
DA:289,1
DA:291,0
DA:292,0
DA:293,0
DA:295,0
DA:296,0
DA:297,0
DA:298,0
DA:299,0
DA:300,0
DA:301,0
DA:303,0
DA:304,0
DA:305,0
DA:312,0
DA:313,0
DA:315,0
DA:316,0
DA:319,0
DA:321,0
DA:322,0
DA:323,0
DA:332,3
DA:333,5
DA:335,5
DA:336,1
DA:337,1
DA:338,1
DA:340,1
DA:341,1
DA:342,1
DA:357,1
DA:358,1
DA:359,5
DA:361,1
DA:362,1
DA:365,1
DA:366,1
DA:368,0
DA:369,0
DA:372,1
DA:374,0
DA:375,0
DA:382,1
DA:384,1
DA:386,1
DA:387,1
DA:388,1
DA:389,1
DA:395,3
DA:397,1
DA:398,1
DA:410,0
DA:415,0
DA:416,0
DA:422,0
DA:424,0
DA:425,0
DA:428,0
DA:430,0
DA:431,0
DA:434,0
DA:436,0
DA:437,0
DA:438,0
DA:439,0
DA:440,0
DA:441,0
DA:445,0
DA:446,0
DA:447,0
DA:448,0
DA:450,0
DA:452,0
DA:453,0
DA:454,0
DA:456,0
DA:464,4
DA:468,0
DA:470,0
DA:471,0
DA:472,0
DA:473,0
DA:474,0
DA:476,0
DA:477,0
DA:478,0
DA:479,0
DA:480,0
DA:481,0
DA:483,0
DA:486,0
DA:488,0
DA:489,0
DA:490,0
DA:491,0
DA:492,0
DA:493,0
DA:494,0
DA:495,0
DA:497,0
DA:499,0
DA:502,0
DA:508,0
DA:509,0
DA:511,0
DA:512,0
DA:513,0
DA:514,0
DA:515,0
DA:520,0
DA:521,0
DA:522,0
DA:523,0
DA:524,0
DA:527,0
DA:528,0
DA:529,0
DA:530,0
DA:531,0
DA:534,0
DA:535,0
DA:536,0
DA:537,0
DA:538,0
DA:541,0
DA:542,0
DA:543,0
DA:544,0
DA:545,0
DA:555,0
DA:556,0
DA:557,0
DA:558,0
DA:561,0
DA:567,0
DA:568,0
DA:571,0
DA:579,4
DA:581,0
DA:582,0
DA:588,0
DA:590,0
DA:592,0
DA:593,0
DA:594,0
DA:595,0
DA:601,0
DA:603,0
DA:604,0
DA:607,0
DA:609,0
DA:610,0
DA:611,0
DA:612,0
DA:613,0
DA:615,0
DA:616,0
DA:618,0
DA:620,0
DA:625,0
DA:627,0
DA:628,0
DA:629,0
LF:290
LH:64
end_of_record
SF:lib\view\util\view_image_selector.dart
DA:25,0
DA:28,0
DA:29,0
DA:33,0
DA:34,0
DA:37,0
DA:39,0
DA:40,0
DA:41,0
DA:42,0
DA:43,0
DA:47,0
DA:49,0
DA:50,0
DA:51,0
DA:52,0
DA:55,0
DA:57,0
DA:58,0
DA:62,0
DA:63,0
DA:66,0
DA:68,0
DA:69,0
DA:70,0
DA:78,0
DA:79,0
DA:80,0
DA:81,0
DA:82,0
DA:83,0
DA:85,0
DA:89,0
DA:90,0
DA:91,0
DA:92,0
DA:93,0
DA:94,0
DA:96,0
DA:97,0
DA:98,0
DA:101,0
DA:102,0
DA:105,0
DA:106,0
DA:111,0
DA:112,0
DA:113,0
DA:114,0
DA:115,0
DA:116,0
DA:117,0
DA:118,0
DA:119,0
DA:120,0
DA:123,0
DA:124,0
DA:125,0
DA:126,0
DA:134,0
DA:135,0
DA:136,0
DA:139,0
DA:140,0
DA:141,0
DA:142,0
DA:144,0
DA:148,0
DA:149,0
DA:151,0
DA:152,0
DA:154,0
DA:156,0
DA:165,0
DA:166,0
DA:169,0
DA:171,0
DA:172,0
DA:174,0
DA:177,0
DA:179,0
DA:180,0
DA:188,0
DA:189,0
DA:190,0
DA:198,0
DA:204,0
DA:205,0
DA:211,0
DA:213,0
DA:214,0
DA:217,0
DA:219,0
DA:220,0
DA:223,0
DA:225,0
DA:226,0
DA:227,0
DA:228,0
DA:229,0
DA:230,0
DA:231,0
DA:233,0
DA:234,0
LF:104
LH:0
end_of_record
SF:lib\view\util\view_switch_label.dart
DA:12,0
DA:15,0
DA:17,0
DA:18,0
DA:19,0
DA:23,0
DA:25,0
DA:26,0
DA:27,0
DA:32,0
DA:33,0
DA:35,0
DA:36,0
DA:37,0
DA:38,0
LF:15
LH:0
end_of_record
SF:lib\view\edit\view_image_editor.dart
DA:12,4
DA:14,0
DA:16,0
DA:18,0
DA:19,0
DA:20,0
DA:21,0
DA:24,0
DA:25,0
DA:26,0
DA:27,0
DA:29,0
DA:31,0
DA:43,0
DA:44,0
DA:46,0
DA:48,0
DA:61,0
DA:62,0
DA:63,0
DA:68,0
DA:70,0
DA:71,0
DA:72,0
DA:73,0
DA:76,0
DA:77,0
DA:79,0
DA:80,0
DA:82,0
DA:83,0
DA:85,0
DA:86,0
DA:88,0
DA:89,0
DA:91,0
DA:92,0
DA:94,0
DA:105,4
DA:109,0
DA:111,0
DA:115,0
DA:119,0
DA:120,0
DA:121,0
DA:122,0
DA:126,0
DA:127,0
DA:128,0
DA:132,0
DA:134,0
DA:138,0
DA:140,0
DA:141,0
DA:142,0
DA:143,0
DA:145,0
DA:147,0
DA:148,0
LF:59
LH:2
end_of_record
SF:lib\viewModel\edit\vm_image_editor.dart
DA:8,0
DA:10,0
DA:12,0
DA:13,0
DA:14,0
DA:15,0
DA:16,0
DA:17,0
DA:20,0
DA:21,0
DA:23,0
DA:24,0
DA:25,0
DA:26,0
DA:28,0
DA:29,0
DA:30,0
DA:31,0
DA:36,0
DA:37,0
DA:38,0
DA:39,0
DA:41,0
DA:42,0
DA:43,0
DA:44,0
LF:26
LH:0
end_of_record
SF:lib\view\edit\view_make.dart
DA:16,4
DA:21,0
DA:23,0
DA:24,0
DA:25,0
DA:29,0
DA:31,0
DA:39,4
DA:41,1
DA:43,1
DA:44,0
DA:46,0
DA:47,0
DA:48,0
DA:50,0
DA:52,0
DA:55,0
DA:71,8
DA:73,0
DA:75,0
DA:76,0
DA:77,0
DA:78,0
DA:79,0
DA:80,0
DA:81,0
DA:88,8
DA:92,1
DA:94,1
DA:95,1
DA:97,0
DA:98,0
DA:99,0
DA:100,0
DA:101,0
LF:35
LH:9
end_of_record
SF:lib\viewModel\vm_platform.dart
DA:8,0
DA:11,0
DA:15,0
DA:16,0
DA:17,0
DA:18,0
DA:19,0
DA:23,0
DA:24,0
DA:25,0
DA:29,0
DA:30,0
DA:32,0
DA:33,0
DA:35,0
DA:36,0
DA:37,0
LF:17
LH:0
end_of_record
SF:lib\view\edit\view_project_settings.dart
DA:12,4
DA:14,0
DA:16,0
DA:17,0
DA:19,0
DA:20,0
DA:23,0
DA:24,0
DA:25,0
DA:27,0
DA:28,0
DA:33,0
DA:44,4
DA:46,0
DA:47,0
DA:53,0
DA:55,0
DA:56,0
DA:59,0
DA:61,0
DA:62,0
DA:63,0
DA:64,0
DA:65,0
DA:66,0
DA:68,0
DA:69,0
DA:74,0
DA:75,0
DA:77,0
DA:81,0
DA:82,0
DA:83,0
DA:84,0
DA:85,0
DA:90,0
DA:91,0
DA:93,0
DA:97,0
DA:98,0
DA:99,0
DA:100,0
DA:101,0
DA:107,0
DA:108,0
DA:110,0
DA:114,0
DA:115,0
DA:120,0
DA:121,0
DA:123,0
DA:126,0
DA:127,0
DA:128,0
DA:129,0
DA:130,0
DA:134,0
DA:135,0
DA:136,0
DA:142,0
DA:143,0
DA:144,0
DA:145,0
DA:146,0
DA:148,0
DA:149,0
DA:150,0
DA:154,0
DA:156,0
DA:157,0
DA:159,0
DA:161,0
DA:163,0
DA:164,0
DA:166,0
DA:168,0
DA:170,0
DA:171,0
DA:173,0
DA:184,0
DA:185,0
DA:186,0
DA:187,0
DA:188,0
DA:189,0
DA:193,0
DA:194,0
DA:195,0
DA:197,0
DA:198,0
DA:199,0
DA:200,0
DA:202,0
DA:203,0
DA:205,0
DA:209,0
DA:216,0
DA:217,0
DA:218,0
DA:220,0
DA:224,0
DA:226,0
DA:230,0
DA:236,0
DA:237,0
DA:241,0
DA:248,4
DA:250,0
DA:251,0
DA:258,0
DA:260,0
DA:263,0
DA:265,0
DA:266,0
DA:269,0
DA:271,0
DA:275,0
DA:276,0
DA:277,0
DA:280,0
DA:281,0
DA:282,0
DA:283,0
DA:284,0
DA:285,0
DA:286,0
DA:288,0
DA:289,0
DA:291,0
DA:294,0
DA:295,0
DA:296,0
DA:300,0
DA:303,0
DA:304,0
DA:305,0
DA:309,0
DA:312,0
DA:313,0
DA:314,0
LF:140
LH:3
end_of_record
SF:lib\view\edit\view_source.dart
DA:17,4
DA:21,0
DA:22,0
DA:28,0
DA:30,0
DA:31,0
DA:34,0
DA:36,0
DA:37,0
DA:40,0
DA:43,0
DA:44,0
DA:46,0
DA:47,0
DA:49,0
DA:50,0
DA:51,0
DA:57,0
DA:59,0
DA:60,0
DA:62,0
DA:63,0
DA:64,0
DA:65,0
DA:68,0
DA:70,0
DA:71,0
DA:72,0
DA:73,0
DA:80,0
DA:81,0
DA:83,0
DA:84,0
DA:85,0
DA:87,0
DA:88,0
DA:93,0
DA:95,0
DA:96,0
DA:97,0
DA:98,0
DA:99,0
DA:100,0
DA:101,0
DA:102,0
DA:103,0
DA:105,0
DA:110,0
DA:113,0
DA:114,0
DA:115,0
DA:116,0
DA:117,0
DA:118,0
DA:119,0
DA:120,0
DA:133,0
DA:138,0
DA:139,0
DA:145,0
DA:147,0
DA:148,0
DA:149,0
DA:150,0
DA:152,0
DA:153,0
DA:155,0
DA:158,0
DA:160,0
DA:161,0
DA:164,0
DA:166,0
DA:167,0
DA:168,0
DA:169,0
DA:170,0
DA:171,0
DA:172,0
DA:173,0
DA:175,0
DA:176,0
DA:179,0
DA:180,0
DA:189,0
DA:190,0
DA:191,0
DA:192,0
DA:193,0
DA:195,0
DA:201,0
DA:203,0
DA:205,0
DA:207,0
DA:209,0
DA:214,0
LF:95
LH:1
end_of_record
SF:lib\view\view_variable_table.dart
DA:17,8
DA:21,0
DA:23,0
DA:24,0
DA:26,0
DA:27,0
DA:28,0
DA:29,0
DA:30,0
DA:32,0
DA:37,0
DA:38,0
DA:39,0
DA:40,0
DA:42,0
DA:53,4
DA:57,0
DA:58,0
DA:65,0
DA:67,0
DA:68,0
DA:69,0
DA:72,0
DA:75,0
DA:77,0
DA:78,0
DA:79,0
DA:80,0
DA:83,0
DA:85,0
DA:87,0
DA:88,0
DA:89,0
DA:91,0
DA:92,0
DA:93,0
DA:94,0
DA:98,0
DA:99,0
DA:100,0
DA:101,0
DA:106,0
DA:107,0
DA:108,0
DA:109,0
DA:110,0
DA:112,0
DA:113,0
DA:114,0
DA:115,0
DA:116,0
DA:119,0
DA:120,0
DA:121,0
DA:122,0
DA:123,0
DA:135,4
DA:137,0
DA:139,0
DA:140,0
DA:141,0
DA:142,0
DA:143,0
DA:144,0
DA:145,0
DA:151,0
DA:153,0
DA:154,0
DA:155,0
DA:157,0
DA:164,8
DA:168,0
DA:170,0
DA:171,0
DA:173,0
DA:174,0
DA:175,0
DA:176,0
DA:177,0
DA:178,0
DA:179,0
DA:181,0
DA:182,0
DA:183,0
DA:187,0
DA:188,0
DA:189,0
DA:190,0
DA:192,0
DA:193,0
DA:198,0
DA:199,0
DA:201,0
DA:202,0
DA:203,0
DA:205,0
DA:206,0
DA:207,0
DA:210,0
DA:213,0
DA:220,4
DA:224,0
DA:226,0
DA:227,0
DA:228,0
DA:229,0
DA:230,0
DA:232,0
DA:235,0
DA:236,0
DA:237,0
DA:239,0
DA:240,0
DA:241,0
DA:242,0
DA:243,0
DA:244,0
DA:246,0
DA:247,0
DA:254,0
DA:256,0
DA:257,0
DA:258,0
DA:259,0
DA:265,0
DA:266,0
LF:126
LH:5
end_of_record
SF:lib\viewModel\edit\vm_project_setting.dart
DA:14,0
DA:16,0
DA:17,0
DA:18,0
DA:19,0
DA:20,0
DA:21,0
DA:22,0
DA:25,0
DA:28,0
DA:29,0
DA:30,0
DA:35,0
DA:37,0
DA:38,0
DA:39,0
DA:40,0
DA:41,0
DA:42,0
DA:43,0
DA:44,0
DA:45,0
DA:48,0
DA:49,0
DA:52,0
DA:53,0
DA:54,0
DA:59,0
DA:61,0
DA:62,0
DA:63,0
DA:64,0
DA:65,0
DA:66,0
DA:67,0
DA:68,0
DA:70,0
DA:71,0
DA:74,0
DA:75,0
DA:76,0
DA:81,0
DA:87,0
DA:89,0
DA:92,0
DA:94,0
DA:95,0
DA:96,0
DA:99,0
DA:100,0
DA:101,0
DA:103,0
DA:108,0
DA:111,0
DA:112,0
DA:113,0
DA:114,0
DA:117,0
DA:118,0
DA:119,0
DA:120,0
DA:121,0
DA:122,0
DA:125,0
DA:126,0
DA:127,0
DA:128,0
DA:131,0
DA:132,0
DA:133,0
DA:138,0
DA:139,0
DA:140,0
DA:145,0
DA:146,0
DA:147,0
DA:149,0
DA:150,0
DA:151,0
DA:152,0
DA:155,0
DA:156,0
DA:157,0
DA:158,0
DA:159,0
DA:160,0
DA:161,0
DA:167,0
DA:171,0
DA:173,0
DA:174,0
DA:175,0
DA:176,0
DA:178,0
DA:179,0
DA:180,0
DA:184,0
DA:185,0
DA:186,0
DA:190,0
DA:191,0
LF:101
LH:0
end_of_record
SF:lib\viewModel\edit\vm_project_setting.g.dart
DA:9,0
DA:13,0
DA:24,0
DA:28,0
DA:39,0
DA:43,0
DA:54,0
DA:58,0
DA:69,0
DA:73,0
LF:10
LH:0
end_of_record
SF:lib\viewModel\edit\vm_source.dart
DA:6,0
DA:7,0
DA:9,0
DA:14,0
DA:16,0
DA:17,0
DA:18,0
DA:21,0
DA:22,0
DA:23,0
DA:25,0
DA:26,0
DA:27,0
LF:13
LH:0
end_of_record
SF:lib\view\view_selected_grid.dart
DA:12,4
DA:14,0
DA:15,0
DA:21,0
DA:23,0
DA:26,0
DA:28,0
DA:29,0
DA:32,0
DA:34,0
DA:35,0
DA:37,0
DA:38,0
DA:39,0
DA:40,0
DA:41,0
DA:42,0
DA:43,0
DA:44,0
DA:45,0
DA:46,0
DA:47,0
DA:49,0
DA:50,0
DA:51,0
DA:53,0
DA:54,0
DA:57,0
DA:59,0
DA:60,0
DA:61,0
DA:63,0
DA:64,0
DA:68,0
DA:69,0
DA:70,0
DA:71,0
DA:72,0
DA:73,0
DA:75,0
DA:78,0
DA:85,0
DA:86,0
DA:87,0
DA:89,0
DA:90,0
DA:91,0
DA:92,0
DA:93,0
DA:94,0
DA:95,0
DA:96,0
DA:97,0
DA:98,0
DA:99,0
DA:100,0
DA:102,0
DA:103,0
DA:104,0
DA:109,0
DA:110,0
DA:111,0
DA:112,0
DA:114,0
DA:136,0
DA:137,0
DA:138,0
DA:139,0
DA:141,0
DA:143,0
DA:144,0
DA:145,0
DA:147,0
LF:73
LH:1
end_of_record
SF:lib\viewModel\vm_play.dart
DA:13,0
DA:17,0
DA:19,0
DA:20,0
DA:21,0
DA:23,0
DA:24,0
DA:25,0
DA:27,0
DA:28,0
DA:29,0
DA:33,0
DA:34,0
DA:36,0
DA:38,0
DA:39,0
DA:40,0
DA:41,0
DA:46,0
LF:19
LH:0
end_of_record
SF:lib\viewModel\vm_snackbar.dart
DA:4,0
DA:5,0
DA:9,0
DA:11,0
DA:12,0
DA:15,0
DA:16,0
DA:17,0
LF:8
LH:0
end_of_record
SF:lib\viewModel\vm_selected_grid.dart
DA:11,0
DA:15,0
DA:19,0
DA:20,0
DA:23,0
DA:24,0
DA:26,0
DA:27,0
DA:28,0
DA:30,0
DA:31,0
DA:33,0
LF:12
LH:0
end_of_record
